2018-08-30 18:53:54 WARNING (MainThread) [homeassistant.components.http] You have been advised to set http.api_password.
2018-08-30 18:54:10 WARNING (SyncWorker_1) [homeassistant.components.sensor.sonarr] Host 10.0.0.5 is not available
2018-08-30 18:54:10 WARNING (SyncWorker_11) [homeassistant.components.sensor.radarr] Host 10.0.0.4 is not available
2018-08-30 18:54:10 WARNING (SyncWorker_13) [homeassistant.components.sensor.sonarr] Host 10.0.0.5 is not available
2018-08-30 18:54:10 WARNING (SyncWorker_14) [homeassistant.components.sensor.radarr] Host 10.0.0.4 is not available
2018-08-30 18:54:10 ERROR (MainThread) [homeassistant.helpers.template] Error parsing value: 'str object' has no attribute 'md0' (value: Personalities : [linear] [multipath] [raid0] [raid1] [raid6] [raid5] [raid4] [raid10] 
unused devices: <none>, template: {{ value["md0"][1] }})
2018-08-30 18:54:10 WARNING (SyncWorker_18) [homeassistant.components.sensor.sonarr] Host 10.0.0.5 is not available
2018-08-30 18:54:10 WARNING (SyncWorker_0) [homeassistant.components.sensor.sonarr] Host 10.0.0.5 is not available
2018-08-30 18:54:20 WARNING (MainThread) [homeassistant.components.switch] Setup of platform rest is taking over 10 seconds.
2018-08-30 18:54:20 ERROR (MainThread) [homeassistant.components.switch.rest] No route to resource/endpoint: http://192.168.1.247:8126/container/HomeAssistant
2018-08-30 18:55:11 ERROR (MainThread) [homeassistant.helpers.template] Error parsing value: 'str object' has no attribute 'md0' (value: Personalities : [linear] [multipath] [raid0] [raid1] [raid6] [raid5] [raid4] [raid10] 
unused devices: <none>, template: {{ value["md0"][1] }})
2018-08-30 18:56:12 ERROR (MainThread) [homeassistant.helpers.template] Error parsing value: 'str object' has no attribute 'md0' (value: Personalities : [linear] [multipath] [raid0] [raid1] [raid6] [raid5] [raid4] [raid10] 
unused devices: <none>, template: {{ value["md0"][1] }})
2018-08-30 18:57:13 ERROR (MainThread) [homeassistant.helpers.template] Error parsing value: 'str object' has no attribute 'md0' (value: Personalities : [linear] [multipath] [raid0] [raid1] [raid6] [raid5] [raid4] [raid10] 
unused devices: <none>, template: {{ value["md0"][1] }})
2018-08-30 18:58:14 ERROR (MainThread) [homeassistant.helpers.template] Error parsing value: 'str object' has no attribute 'md0' (value: Personalities : [linear] [multipath] [raid0] [raid1] [raid6] [raid5] [raid4] [raid10] 
unused devices: <none>, template: {{ value["md0"][1] }})
2018-08-30 18:59:15 ERROR (MainThread) [homeassistant.helpers.template] Error parsing value: 'str object' has no attribute 'md0' (value: Personalities : [linear] [multipath] [raid0] [raid1] [raid6] [raid5] [raid4] [raid10] 
unused devices: <none>, template: {{ value["md0"][1] }})
2018-08-30 19:00:16 ERROR (MainThread) [homeassistant.helpers.template] Error parsing value: 'str object' has no attribute 'md0' (value: Personalities : [linear] [multipath] [raid0] [raid1] [raid6] [raid5] [raid4] [raid10] 
unused devices: <none>, template: {{ value["md0"][1] }})
2018-08-30 19:01:16 ERROR (MainThread) [homeassistant.helpers.template] Error parsing value: 'str object' has no attribute 'md0' (value: Personalities : [linear] [multipath] [raid0] [raid1] [raid6] [raid5] [raid4] [raid10] 
unused devices: <none>, template: {{ value["md0"][1] }})
2018-08-30 19:02:17 ERROR (MainThread) [homeassistant.helpers.template] Error parsing value: 'str object' has no attribute 'md0' (value: Personalities : [linear] [multipath] [raid0] [raid1] [raid6] [raid5] [raid4] [raid10] 
unused devices: <none>, template: {{ value["md0"][1] }})
2018-08-30 19:03:18 ERROR (MainThread) [homeassistant.helpers.template] Error parsing value: 'str object' has no attribute 'md0' (value: Personalities : [linear] [multipath] [raid0] [raid1] [raid6] [raid5] [raid4] [raid10] 
unused devices: <none>, template: {{ value["md0"][1] }})
2018-08-30 19:04:19 ERROR (MainThread) [homeassistant.helpers.template] Error parsing value: 'str object' has no attribute 'md0' (value: Personalities : [linear] [multipath] [raid0] [raid1] [raid6] [raid5] [raid4] [raid10] 
unused devices: <none>, template: {{ value["md0"][1] }})
2018-08-30 19:05:20 ERROR (MainThread) [homeassistant.helpers.template] Error parsing value: 'str object' has no attribute 'md0' (value: Personalities : [linear] [multipath] [raid0] [raid1] [raid6] [raid5] [raid4] [raid10] 
unused devices: <none>, template: {{ value["md0"][1] }})
2018-08-30 19:06:21 ERROR (MainThread) [homeassistant.helpers.template] Error parsing value: 'str object' has no attribute 'md0' (value: Personalities : [linear] [multipath] [raid0] [raid1] [raid6] [raid5] [raid4] [raid10] 
unused devices: <none>, template: {{ value["md0"][1] }})
2018-08-30 19:07:22 ERROR (MainThread) [homeassistant.helpers.template] Error parsing value: 'str object' has no attribute 'md0' (value: Personalities : [linear] [multipath] [raid0] [raid1] [raid6] [raid5] [raid4] [raid10] 
unused devices: <none>, template: {{ value["md0"][1] }})
2018-08-30 19:08:23 ERROR (MainThread) [homeassistant.helpers.template] Error parsing value: 'str object' has no attribute 'md0' (value: Personalities : [linear] [multipath] [raid0] [raid1] [raid6] [raid5] [raid4] [raid10] 
unused devices: <none>, template: {{ value["md0"][1] }})
2018-08-30 19:09:23 ERROR (MainThread) [homeassistant.helpers.template] Error parsing value: 'str object' has no attribute 'md0' (value: Personalities : [linear] [multipath] [raid0] [raid1] [raid6] [raid5] [raid4] [raid10] 
unused devices: <none>, template: {{ value["md0"][1] }})
2018-08-30 19:10:24 ERROR (MainThread) [homeassistant.helpers.template] Error parsing value: 'str object' has no attribute 'md0' (value: Personalities : [linear] [multipath] [raid0] [raid1] [raid6] [raid5] [raid4] [raid10] 
unused devices: <none>, template: {{ value["md0"][1] }})
2018-08-30 19:11:25 ERROR (MainThread) [homeassistant.helpers.template] Error parsing value: 'str object' has no attribute 'md0' (value: Personalities : [linear] [multipath] [raid0] [raid1] [raid6] [raid5] [raid4] [raid10] 
unused devices: <none>, template: {{ value["md0"][1] }})
2018-08-30 19:12:26 ERROR (MainThread) [homeassistant.helpers.template] Error parsing value: 'str object' has no attribute 'md0' (value: Personalities : [linear] [multipath] [raid0] [raid1] [raid6] [raid5] [raid4] [raid10] 
unused devices: <none>, template: {{ value["md0"][1] }})
2018-08-30 19:13:27 ERROR (MainThread) [homeassistant.helpers.template] Error parsing value: 'str object' has no attribute 'md0' (value: Personalities : [linear] [multipath] [raid0] [raid1] [raid6] [raid5] [raid4] [raid10] 
unused devices: <none>, template: {{ value["md0"][1] }})
2018-08-30 19:14:28 ERROR (MainThread) [homeassistant.helpers.template] Error parsing value: 'str object' has no attribute 'md0' (value: Personalities : [linear] [multipath] [raid0] [raid1] [raid6] [raid5] [raid4] [raid10] 
unused devices: <none>, template: {{ value["md0"][1] }})
2018-08-30 19:15:29 ERROR (MainThread) [homeassistant.helpers.template] Error parsing value: 'str object' has no attribute 'md0' (value: Personalities : [linear] [multipath] [raid0] [raid1] [raid6] [raid5] [raid4] [raid10] 
unused devices: <none>, template: {{ value["md0"][1] }})
2018-08-30 19:16:29 ERROR (MainThread) [homeassistant.helpers.template] Error parsing value: 'str object' has no attribute 'md0' (value: Personalities : [linear] [multipath] [raid0] [raid1] [raid6] [raid5] [raid4] [raid10] 
unused devices: <none>, template: {{ value["md0"][1] }})
2018-08-30 19:17:30 ERROR (MainThread) [homeassistant.helpers.template] Error parsing value: 'str object' has no attribute 'md0' (value: Personalities : [linear] [multipath] [raid0] [raid1] [raid6] [raid5] [raid4] [raid10] 
unused devices: <none>, template: {{ value["md0"][1] }})
2018-08-30 19:18:31 ERROR (MainThread) [homeassistant.helpers.template] Error parsing value: 'str object' has no attribute 'md0' (value: Personalities : [linear] [multipath] [raid0] [raid1] [raid6] [raid5] [raid4] [raid10] 
unused devices: <none>, template: {{ value["md0"][1] }})
2018-08-30 19:19:32 ERROR (MainThread) [homeassistant.helpers.template] Error parsing value: 'str object' has no attribute 'md0' (value: Personalities : [linear] [multipath] [raid0] [raid1] [raid6] [raid5] [raid4] [raid10] 
unused devices: <none>, template: {{ value["md0"][1] }})
2018-08-30 19:20:32 ERROR (MainThread) [homeassistant.helpers.template] Error parsing value: 'str object' has no attribute 'md0' (value: Personalities : [linear] [multipath] [raid0] [raid1] [raid6] [raid5] [raid4] [raid10] 
unused devices: <none>, template: {{ value["md0"][1] }})
2018-08-30 19:21:33 ERROR (MainThread) [homeassistant.helpers.template] Error parsing value: 'str object' has no attribute 'md0' (value: Personalities : [linear] [multipath] [raid0] [raid1] [raid6] [raid5] [raid4] [raid10] 
unused devices: <none>, template: {{ value["md0"][1] }})
2018-08-30 19:22:34 ERROR (MainThread) [homeassistant.helpers.template] Error parsing value: 'str object' has no attribute 'md0' (value: Personalities : [linear] [multipath] [raid0] [raid1] [raid6] [raid5] [raid4] [raid10] 
unused devices: <none>, template: {{ value["md0"][1] }})
2018-08-30 19:23:35 ERROR (MainThread) [homeassistant.helpers.template] Error parsing value: 'str object' has no attribute 'md0' (value: Personalities : [linear] [multipath] [raid0] [raid1] [raid6] [raid5] [raid4] [raid10] 
unused devices: <none>, template: {{ value["md0"][1] }})
2018-08-30 19:24:35 ERROR (MainThread) [homeassistant.helpers.template] Error parsing value: 'str object' has no attribute 'md0' (value: Personalities : [linear] [multipath] [raid0] [raid1] [raid6] [raid5] [raid4] [raid10] 
unused devices: <none>, template: {{ value["md0"][1] }})
2018-08-30 19:25:36 ERROR (MainThread) [homeassistant.helpers.template] Error parsing value: 'str object' has no attribute 'md0' (value: Personalities : [linear] [multipath] [raid0] [raid1] [raid6] [raid5] [raid4] [raid10] 
unused devices: <none>, template: {{ value["md0"][1] }})
2018-08-30 19:26:37 ERROR (MainThread) [homeassistant.helpers.template] Error parsing value: 'str object' has no attribute 'md0' (value: Personalities : [linear] [multipath] [raid0] [raid1] [raid6] [raid5] [raid4] [raid10] 
unused devices: <none>, template: {{ value["md0"][1] }})
2018-08-30 19:27:38 ERROR (MainThread) [homeassistant.helpers.template] Error parsing value: 'str object' has no attribute 'md0' (value: Personalities : [linear] [multipath] [raid0] [raid1] [raid6] [raid5] [raid4] [raid10] 
unused devices: <none>, template: {{ value["md0"][1] }})
2018-08-30 19:28:39 ERROR (MainThread) [homeassistant.helpers.template] Error parsing value: 'str object' has no attribute 'md0' (value: Personalities : [linear] [multipath] [raid0] [raid1] [raid6] [raid5] [raid4] [raid10] 
unused devices: <none>, template: {{ value["md0"][1] }})
2018-08-30 19:29:40 ERROR (MainThread) [homeassistant.helpers.template] Error parsing value: 'str object' has no attribute 'md0' (value: Personalities : [linear] [multipath] [raid0] [raid1] [raid6] [raid5] [raid4] [raid10] 
unused devices: <none>, template: {{ value["md0"][1] }})
2018-08-30 19:30:41 ERROR (MainThread) [homeassistant.helpers.template] Error parsing value: 'str object' has no attribute 'md0' (value: Personalities : [linear] [multipath] [raid0] [raid1] [raid6] [raid5] [raid4] [raid10] 
unused devices: <none>, template: {{ value["md0"][1] }})
2018-08-30 19:31:42 ERROR (MainThread) [homeassistant.helpers.template] Error parsing value: 'str object' has no attribute 'md0' (value: Personalities : [linear] [multipath] [raid0] [raid1] [raid6] [raid5] [raid4] [raid10] 
unused devices: <none>, template: {{ value["md0"][1] }})
2018-08-30 19:32:43 ERROR (MainThread) [homeassistant.helpers.template] Error parsing value: 'str object' has no attribute 'md0' (value: Personalities : [linear] [multipath] [raid0] [raid1] [raid6] [raid5] [raid4] [raid10] 
unused devices: <none>, template: {{ value["md0"][1] }})
2018-08-30 19:33:44 ERROR (MainThread) [homeassistant.helpers.template] Error parsing value: 'str object' has no attribute 'md0' (value: Personalities : [linear] [multipath] [raid0] [raid1] [raid6] [raid5] [raid4] [raid10] 
unused devices: <none>, template: {{ value["md0"][1] }})
2018-08-30 19:34:44 ERROR (MainThread) [homeassistant.helpers.template] Error parsing value: 'str object' has no attribute 'md0' (value: Personalities : [linear] [multipath] [raid0] [raid1] [raid6] [raid5] [raid4] [raid10] 
unused devices: <none>, template: {{ value["md0"][1] }})
2018-08-30 19:35:45 ERROR (MainThread) [homeassistant.helpers.template] Error parsing value: 'str object' has no attribute 'md0' (value: Personalities : [linear] [multipath] [raid0] [raid1] [raid6] [raid5] [raid4] [raid10] 
unused devices: <none>, template: {{ value["md0"][1] }})
2018-08-30 19:36:46 ERROR (MainThread) [homeassistant.helpers.template] Error parsing value: 'str object' has no attribute 'md0' (value: Personalities : [linear] [multipath] [raid0] [raid1] [raid6] [raid5] [raid4] [raid10] 
unused devices: <none>, template: {{ value["md0"][1] }})
2018-08-30 19:37:47 ERROR (MainThread) [homeassistant.helpers.template] Error parsing value: 'str object' has no attribute 'md0' (value: Personalities : [linear] [multipath] [raid0] [raid1] [raid6] [raid5] [raid4] [raid10] 
unused devices: <none>, template: {{ value["md0"][1] }})
2018-08-30 19:38:48 ERROR (MainThread) [homeassistant.helpers.template] Error parsing value: 'str object' has no attribute 'md0' (value: Personalities : [linear] [multipath] [raid0] [raid1] [raid6] [raid5] [raid4] [raid10] 
unused devices: <none>, template: {{ value["md0"][1] }})
2018-08-30 19:39:49 ERROR (MainThread) [homeassistant.helpers.template] Error parsing value: 'str object' has no attribute 'md0' (value: Personalities : [linear] [multipath] [raid0] [raid1] [raid6] [raid5] [raid4] [raid10] 
unused devices: <none>, template: {{ value["md0"][1] }})
2018-08-30 19:40:50 ERROR (MainThread) [homeassistant.helpers.template] Error parsing value: 'str object' has no attribute 'md0' (value: Personalities : [linear] [multipath] [raid0] [raid1] [raid6] [raid5] [raid4] [raid10] 
unused devices: <none>, template: {{ value["md0"][1] }})
2018-08-30 19:41:51 ERROR (MainThread) [homeassistant.helpers.template] Error parsing value: 'str object' has no attribute 'md0' (value: Personalities : [linear] [multipath] [raid0] [raid1] [raid6] [raid5] [raid4] [raid10] 
unused devices: <none>, template: {{ value["md0"][1] }})
2018-08-30 19:42:52 ERROR (MainThread) [homeassistant.helpers.template] Error parsing value: 'str object' has no attribute 'md0' (value: Personalities : [linear] [multipath] [raid0] [raid1] [raid6] [raid5] [raid4] [raid10] 
unused devices: <none>, template: {{ value["md0"][1] }})
2018-08-30 19:43:52 ERROR (MainThread) [homeassistant.helpers.template] Error parsing value: 'str object' has no attribute 'md0' (value: Personalities : [linear] [multipath] [raid0] [raid1] [raid6] [raid5] [raid4] [raid10] 
unused devices: <none>, template: {{ value["md0"][1] }})
2018-08-30 19:44:53 ERROR (MainThread) [homeassistant.helpers.template] Error parsing value: 'str object' has no attribute 'md0' (value: Personalities : [linear] [multipath] [raid0] [raid1] [raid6] [raid5] [raid4] [raid10] 
unused devices: <none>, template: {{ value["md0"][1] }})
2018-08-30 19:45:54 ERROR (MainThread) [homeassistant.helpers.template] Error parsing value: 'str object' has no attribute 'md0' (value: Personalities : [linear] [multipath] [raid0] [raid1] [raid6] [raid5] [raid4] [raid10] 
unused devices: <none>, template: {{ value["md0"][1] }})
2018-08-30 19:46:54 ERROR (MainThread) [homeassistant.helpers.template] Error parsing value: 'str object' has no attribute 'md0' (value: Personalities : [linear] [multipath] [raid0] [raid1] [raid6] [raid5] [raid4] [raid10] 
unused devices: <none>, template: {{ value["md0"][1] }})
2018-08-30 19:47:55 ERROR (MainThread) [homeassistant.helpers.template] Error parsing value: 'str object' has no attribute 'md0' (value: Personalities : [linear] [multipath] [raid0] [raid1] [raid6] [raid5] [raid4] [raid10] 
unused devices: <none>, template: {{ value["md0"][1] }})
2018-08-30 19:48:56 ERROR (MainThread) [homeassistant.helpers.template] Error parsing value: 'str object' has no attribute 'md0' (value: Personalities : [linear] [multipath] [raid0] [raid1] [raid6] [raid5] [raid4] [raid10] 
unused devices: <none>, template: {{ value["md0"][1] }})
2018-08-30 19:49:56 ERROR (MainThread) [homeassistant.helpers.template] Error parsing value: 'str object' has no attribute 'md0' (value: Personalities : [linear] [multipath] [raid0] [raid1] [raid6] [raid5] [raid4] [raid10] 
unused devices: <none>, template: {{ value["md0"][1] }})
2018-08-30 19:50:57 ERROR (MainThread) [homeassistant.helpers.template] Error parsing value: 'str object' has no attribute 'md0' (value: Personalities : [linear] [multipath] [raid0] [raid1] [raid6] [raid5] [raid4] [raid10] 
unused devices: <none>, template: {{ value["md0"][1] }})
