Aug 29, 2018 21:15:04.901 [0x7f5f6719e700] INFO - Plex Tuner Service v1.0.0.0 - unknown docker unknown - build: 
Aug 29, 2018 21:15:04.902 [0x7f5f6719e700] INFO - Linux version: 4.15.0-33-generic (#36-Ubuntu SMP Wed Aug 15 16:00:05 UTC 2018), language: en-US
Aug 29, 2018 21:15:04.902 [0x7f5f6719e700] INFO - Processor        Intel(R) Core(TM) i5-2450M CPU @ 2.50GHz
Aug 29, 2018 21:15:04.902 [0x7f5f6719e700] INFO - /usr/lib/plexmediaserver/Plex Tuner Service /usr/lib/plexmediaserver/Resources/Tuner/Private /usr/lib/plexmediaserver/Resources/Tuner/Shared 1.13.4.5271-200287a06 32600 /waitmutex
Aug 29, 2018 21:15:04.901 [0x7f5f6c1ca780] INFO - [I] broker_t::start...
Aug 29, 2018 21:15:04.903 [0x7f5f6c1ca780] INFO - [I] device_manager_t::init.
Aug 29, 2018 21:15:04.903 [0x7f5f6c1ca780] INFO - [I] device_manager_t::init. Initialize provider manager
Aug 29, 2018 21:15:04.903 [0x7f5f6c1ca780] INFO - [I] device_manager_t::init. Initialize all device auxes
Aug 29, 2018 21:15:04.903 [0x7f5f6c1ca780] INFO - [I] dvb_device_factory_t::get_aux_list
Aug 29, 2018 21:15:04.904 [0x7f5f6c1ca780] INFO - [I] tvbutler_aux_t::init
Aug 29, 2018 21:15:04.904 [0x7f5f6c1ca780] INFO - [I] web_server_t::start. Starting web server on port 32600
Aug 29, 2018 21:18:54.344 [0x7f5f6c1ca780] INFO - [I] device_manager_t::term
Aug 29, 2018 21:18:54.344 [0x7f5f6c1ca780] INFO - [I] device_manager_t::term. Stop all devices
Aug 29, 2018 21:18:54.344 [0x7f5f6c1ca780] INFO - [I] device_manager_t::term. Shut down all device auxes
Aug 29, 2018 21:18:54.344 [0x7f5f6c1ca780] INFO - [I] tvbutler_aux_t::term
Aug 29, 2018 21:18:54.345 [0x7f5f6c1ca780] INFO - [I] web_server_t::stop. Web server is stopped
Aug 29, 2018 21:18:54.345 [0x7f5f6c1ca780] INFO - [I] device_manager_t::term
Aug 29, 2018 21:18:54.345 [0x7f5f6c1ca780] INFO - [I] device_manager_t::term. Stop all devices
Aug 29, 2018 21:18:54.345 [0x7f5f6c1ca780] INFO - [I] device_manager_t::term. Shut down all device auxes
Aug 29, 2018 21:18:54.345 [0x7f5f6c1ca780] INFO - [I] broker_t::shutdown. Shutdown is completed.
