Aug 29, 2018 21:20:19.031 [0x7f8f3aa16700] INFO - Plex Tuner Service v1.0.0.0 - unknown docker unknown - build: 
Aug 29, 2018 21:20:19.031 [0x7f8f3aa16700] INFO - Linux version: 4.15.0-33-generic (#36-Ubuntu SMP Wed Aug 15 16:00:05 UTC 2018), language: en-US
Aug 29, 2018 21:20:19.031 [0x7f8f3aa16700] INFO - Processor        Intel(R) Core(TM) i5-2450M CPU @ 2.50GHz
Aug 29, 2018 21:20:19.032 [0x7f8f3aa16700] INFO - /usr/lib/plexmediaserver/Plex Tuner Service /usr/lib/plexmediaserver/Resources/Tuner/Private /usr/lib/plexmediaserver/Resources/Tuner/Shared 1.13.4.5271-200287a06 32600 /waitmutex
Aug 29, 2018 21:20:19.027 [0x7f8f3fa42780] INFO - [I] broker_t::start...
Aug 29, 2018 21:20:19.292 [0x7f8f3fa42780] INFO - [I] device_manager_t::init.
Aug 29, 2018 21:20:19.292 [0x7f8f3fa42780] INFO - [I] device_manager_t::init. Initialize provider manager
Aug 29, 2018 21:20:19.292 [0x7f8f3fa42780] INFO - [I] device_manager_t::init. Initialize all device auxes
Aug 29, 2018 21:20:19.292 [0x7f8f3fa42780] INFO - [I] dvb_device_factory_t::get_aux_list
Aug 29, 2018 21:20:19.292 [0x7f8f3fa42780] INFO - [I] tvbutler_aux_t::init
Aug 29, 2018 21:20:19.293 [0x7f8f3fa42780] INFO - [I] web_server_t::start. Starting web server on port 32600
Aug 29, 2018 21:20:23.354 [0x7f8f31ffb700] INFO - [I] web_service_t::process_device_discovery
Aug 29, 2018 21:20:23.354 [0x7f8f31ffb700] INFO - [I] device_reactor_t::get_device_list ()
Aug 29, 2018 21:20:23.354 [0x7f8f31ffb700] INFO - [I] dvb_device_factory_t::get_device_list ()
Aug 29, 2018 21:20:25.358 [0x7f8f31ffb700] INFO - [I] SAT2IP - discover_satip_servers(): no servers found
Aug 29, 2018 21:20:25.766 [0x7f8f31ffb700] INFO - [I] v4l::DeviceGetList_impl. getting v4l device list
Aug 29, 2018 21:20:25.768 [0x7f8f31ffb700] INFO - [I] onetv_factory::DeviceGetListEx >>
Aug 29, 2018 21:20:25.769 [0x7f8f31ffb700] WARN - [W] onetv_factory::DeviceGetListEx. libusb_init returned an error -99
Aug 29, 2018 21:21:44.527 [0x7f8f3fa42780] INFO - [I] device_manager_t::term
Aug 29, 2018 21:21:44.527 [0x7f8f3fa42780] INFO - [I] device_manager_t::term. Stop all devices
Aug 29, 2018 21:21:44.527 [0x7f8f3fa42780] INFO - [I] device_manager_t::term. Shut down all device auxes
Aug 29, 2018 21:21:44.527 [0x7f8f3fa42780] INFO - [I] tvbutler_aux_t::term
Aug 29, 2018 21:21:44.528 [0x7f8f3fa42780] INFO - [I] web_server_t::stop. Web server is stopped
Aug 29, 2018 21:21:44.528 [0x7f8f3fa42780] INFO - [I] device_manager_t::term
Aug 29, 2018 21:21:44.528 [0x7f8f3fa42780] INFO - [I] device_manager_t::term. Stop all devices
Aug 29, 2018 21:21:44.528 [0x7f8f3fa42780] INFO - [I] device_manager_t::term. Shut down all device auxes
Aug 29, 2018 21:21:44.528 [0x7f8f3fa42780] INFO - [I] broker_t::shutdown. Shutdown is completed.
