Aug 29, 2018 21:25:59.357 [0x7f3aa0ac7700] INFO - Plex Tuner Service v1.0.0.0 - unknown docker unknown - build: 
Aug 29, 2018 21:25:59.358 [0x7f3aa0ac7700] INFO - Linux version: 4.15.0-33-generic (#36-Ubuntu SMP Wed Aug 15 16:00:05 UTC 2018), language: en-US
Aug 29, 2018 21:25:59.358 [0x7f3aa0ac7700] INFO - Processor        Intel(R) Core(TM) i5-2450M CPU @ 2.50GHz
Aug 29, 2018 21:25:59.358 [0x7f3aa0ac7700] INFO - /usr/lib/plexmediaserver/Plex Tuner Service /usr/lib/plexmediaserver/Resources/Tuner/Private /usr/lib/plexmediaserver/Resources/Tuner/Shared 1.13.4.5271-200287a06 32600 /waitmutex
Aug 29, 2018 21:25:59.341 [0x7f3aa5af3780] INFO - [I] broker_t::start...
Aug 29, 2018 21:25:59.345 [0x7f3aa5af3780] INFO - [I] device_manager_t::init.
Aug 29, 2018 21:25:59.345 [0x7f3aa5af3780] INFO - [I] device_manager_t::init. Initialize provider manager
Aug 29, 2018 21:25:59.345 [0x7f3aa5af3780] INFO - [I] device_manager_t::init. Initialize all device auxes
Aug 29, 2018 21:25:59.345 [0x7f3aa5af3780] INFO - [I] dvb_device_factory_t::get_aux_list
Aug 29, 2018 21:25:59.346 [0x7f3aa5af3780] INFO - [I] tvbutler_aux_t::init
Aug 29, 2018 21:25:59.346 [0x7f3aa5af3780] INFO - [I] web_server_t::start. Starting web server on port 32600
Aug 29, 2018 21:26:05.481 [0x7f3a9dac1700] INFO - [I] web_service_t::process_device_discovery
Aug 29, 2018 21:26:05.482 [0x7f3a9dac1700] INFO - [I] device_reactor_t::get_device_list ()
Aug 29, 2018 21:26:05.482 [0x7f3a9dac1700] INFO - [I] dvb_device_factory_t::get_device_list ()
Aug 29, 2018 21:26:07.485 [0x7f3a9dac1700] INFO - [I] SAT2IP - discover_satip_servers(): no servers found
Aug 29, 2018 21:26:07.889 [0x7f3a9dac1700] INFO - [I] v4l::DeviceGetList_impl. getting v4l device list
Aug 29, 2018 21:26:07.891 [0x7f3a9dac1700] INFO - [I] onetv_factory::DeviceGetListEx >>
Aug 29, 2018 21:26:07.891 [0x7f3a9dac1700] WARN - [W] onetv_factory::DeviceGetListEx. libusb_init returned an error -99
Aug 29, 2018 21:32:23.516 [0x7f3aa5af3780] INFO - [I] device_manager_t::term
Aug 29, 2018 21:32:23.516 [0x7f3aa5af3780] INFO - [I] device_manager_t::term. Stop all devices
Aug 29, 2018 21:32:23.516 [0x7f3aa5af3780] INFO - [I] device_manager_t::term. Shut down all device auxes
Aug 29, 2018 21:32:23.516 [0x7f3aa5af3780] INFO - [I] tvbutler_aux_t::term
Aug 29, 2018 21:32:23.517 [0x7f3aa5af3780] INFO - [I] web_server_t::stop. Web server is stopped
Aug 29, 2018 21:32:23.517 [0x7f3aa5af3780] INFO - [I] device_manager_t::term
Aug 29, 2018 21:32:23.517 [0x7f3aa5af3780] INFO - [I] device_manager_t::term. Stop all devices
Aug 29, 2018 21:32:23.517 [0x7f3aa5af3780] INFO - [I] device_manager_t::term. Shut down all device auxes
Aug 29, 2018 21:32:23.517 [0x7f3aa5af3780] INFO - [I] broker_t::shutdown. Shutdown is completed.
