Aug 29, 2018 21:22:54.285 [0x7f80def24700] INFO - Plex Tuner Service v1.0.0.0 - unknown docker unknown - build: 
Aug 29, 2018 21:22:54.285 [0x7f80def24700] INFO - Linux version: 4.15.0-33-generic (#36-Ubuntu SMP Wed Aug 15 16:00:05 UTC 2018), language: en-US
Aug 29, 2018 21:22:54.286 [0x7f80def24700] INFO - Processor        Intel(R) Core(TM) i5-2450M CPU @ 2.50GHz
Aug 29, 2018 21:22:54.286 [0x7f80def24700] INFO - /usr/lib/plexmediaserver/Plex Tuner Service /usr/lib/plexmediaserver/Resources/Tuner/Private /usr/lib/plexmediaserver/Resources/Tuner/Shared 1.13.4.5271-200287a06 32600 /waitmutex
Aug 29, 2018 21:22:54.278 [0x7f80e3f50780] INFO - [I] broker_t::start...
Aug 29, 2018 21:22:54.282 [0x7f80e3f50780] INFO - [I] device_manager_t::init.
Aug 29, 2018 21:22:54.282 [0x7f80e3f50780] INFO - [I] device_manager_t::init. Initialize provider manager
Aug 29, 2018 21:22:54.283 [0x7f80e3f50780] INFO - [I] device_manager_t::init. Initialize all device auxes
Aug 29, 2018 21:22:54.283 [0x7f80e3f50780] INFO - [I] dvb_device_factory_t::get_aux_list
Aug 29, 2018 21:22:54.283 [0x7f80e3f50780] INFO - [I] tvbutler_aux_t::init
Aug 29, 2018 21:22:54.284 [0x7f80e3f50780] INFO - [I] web_server_t::start. Starting web server on port 32600
Aug 29, 2018 21:23:00.529 [0x7f80d7fff700] INFO - [I] web_service_t::process_device_discovery
Aug 29, 2018 21:23:00.529 [0x7f80d7fff700] INFO - [I] device_reactor_t::get_device_list ()
Aug 29, 2018 21:23:00.529 [0x7f80d7fff700] INFO - [I] dvb_device_factory_t::get_device_list ()
Aug 29, 2018 21:23:02.534 [0x7f80d7fff700] INFO - [I] SAT2IP - discover_satip_servers(): no servers found
Aug 29, 2018 21:23:02.943 [0x7f80d7fff700] INFO - [I] v4l::DeviceGetList_impl. getting v4l device list
Aug 29, 2018 21:23:02.949 [0x7f80d7fff700] INFO - [I] onetv_factory::DeviceGetListEx >>
Aug 29, 2018 21:23:02.950 [0x7f80d7fff700] WARN - [W] onetv_factory::DeviceGetListEx. libusb_init returned an error -99
Aug 29, 2018 21:24:53.178 [0x7f80e3f50780] INFO - [I] device_manager_t::term
Aug 29, 2018 21:24:53.178 [0x7f80e3f50780] INFO - [I] device_manager_t::term. Stop all devices
Aug 29, 2018 21:24:53.178 [0x7f80e3f50780] INFO - [I] device_manager_t::term. Shut down all device auxes
Aug 29, 2018 21:24:53.178 [0x7f80e3f50780] INFO - [I] tvbutler_aux_t::term
Aug 29, 2018 21:24:53.178 [0x7f80e3f50780] INFO - [I] web_server_t::stop. Web server is stopped
Aug 29, 2018 21:24:53.178 [0x7f80e3f50780] INFO - [I] device_manager_t::term
Aug 29, 2018 21:24:53.179 [0x7f80e3f50780] INFO - [I] device_manager_t::term. Stop all devices
Aug 29, 2018 21:24:53.179 [0x7f80e3f50780] INFO - [I] device_manager_t::term. Shut down all device auxes
Aug 29, 2018 21:24:53.179 [0x7f80e3f50780] INFO - [I] broker_t::shutdown. Shutdown is completed.
