[2018-08-03 14:20:24.293] Transmission 2.94 (d8e60ee44f) started (session.c:740)
[2018-08-03 14:20:24.293] RPC Server Adding address to whitelist: 127.0.0.1 (rpc-server.c:971)
[2018-08-03 14:20:24.293] RPC Server Adding address to whitelist: 192.168.*.* (rpc-server.c:971)
[2018-08-03 14:20:24.293] RPC Server Adding address to whitelist: 127.0.0.1 (rpc-server.c:971)
[2018-08-03 14:20:24.293] RPC Server Serving RPC and Web requests on port 127.0.0.1:9091/transmission/ (rpc-server.c:1213)
[2018-08-03 14:20:24.293] RPC Server Password required (rpc-server.c:1220)
[2018-08-03 14:20:24.293] Port Forwarding Stopped (port-forwarding.c:180)
[2018-08-03 14:20:24.293] UDP Failed to set receive buffer: requested 4194304, got 425984 (tr-udp.c:84)
[2018-08-03 14:20:24.293] UDP Please add the line "net.core.rmem_max = 4194304" to /etc/sysctl.conf (tr-udp.c:89)
[2018-08-03 14:20:24.293] UDP Failed to set send buffer: requested 1048576, got 425984 (tr-udp.c:95)
[2018-08-03 14:20:24.293] UDP Please add the line "net.core.wmem_max = 1048576" to /etc/sysctl.conf (tr-udp.c:100)
[2018-08-03 14:20:24.293] DHT Generating new id (tr-dht.c:311)
[2018-08-03 14:20:24.293] Using settings from "/data/transmission-home" (daemon.c:528)
[2018-08-03 14:20:24.293] Saved "/data/transmission-home/settings.json" (variant.c:1266)
[2018-08-03 14:20:24.293] transmission-daemon requiring authentication (daemon.c:554)
[2018-08-03 14:20:24.293] Watching "/data/watch" for new .torrent files (daemon.c:573)
[2018-08-03 14:20:44.306] DHT Attempting bootstrap from dht.transmissionbt.com (tr-dht.c:249)
[2018-08-03 14:21:41.015] Saved "/data/transmission-home/settings.json" (variant.c:1266)
[2018-08-03 14:21:41.015] DHT Not saving nodes, DHT not ready (tr-dht.c:359)
[2018-08-03 14:21:41.015] Port Forwarding Stopped (port-forwarding.c:180)
[2018-08-03 14:21:44.044] Transmission 2.94 (d8e60ee44f) started (session.c:740)
[2018-08-03 14:21:44.044] RPC Server Adding address to whitelist: 127.0.0.1 (rpc-server.c:971)
[2018-08-03 14:21:44.044] RPC Server Adding address to whitelist: 192.168.*.* (rpc-server.c:971)
[2018-08-03 14:21:44.044] RPC Server Adding address to whitelist: 127.0.0.1 (rpc-server.c:971)
[2018-08-03 14:21:44.044] RPC Server Serving RPC and Web requests on port 127.0.0.1:9091/transmission/ (rpc-server.c:1213)
[2018-08-03 14:21:44.044] RPC Server Password required (rpc-server.c:1220)
[2018-08-03 14:21:44.044] Port Forwarding Stopped (port-forwarding.c:180)
[2018-08-03 14:21:44.044] UDP Failed to set receive buffer: requested 4194304, got 425984 (tr-udp.c:84)
[2018-08-03 14:21:44.044] UDP Please add the line "net.core.rmem_max = 4194304" to /etc/sysctl.conf (tr-udp.c:89)
[2018-08-03 14:21:44.044] UDP Failed to set send buffer: requested 1048576, got 425984 (tr-udp.c:95)
[2018-08-03 14:21:44.044] UDP Please add the line "net.core.wmem_max = 1048576" to /etc/sysctl.conf (tr-udp.c:100)
[2018-08-03 14:21:44.045] DHT Generating new id (tr-dht.c:311)
[2018-08-03 14:21:44.045] Using settings from "/data/transmission-home" (daemon.c:528)
[2018-08-03 14:21:44.045] Saved "/data/transmission-home/settings.json" (variant.c:1266)
[2018-08-03 14:21:44.045] transmission-daemon requiring authentication (daemon.c:554)
[2018-08-03 14:21:44.045] Watching "/data/watch" for new .torrent files (daemon.c:573)
[2018-08-03 14:22:27.083] DHT Attempting bootstrap from dht.transmissionbt.com (tr-dht.c:249)
[2018-08-03 14:36:47.415] Saved "/data/transmission-home/settings.json" (variant.c:1266)
[2018-08-03 14:36:47.415] DHT Saving 43 (43 + 0) nodes (tr-dht.c:369)
[2018-08-03 14:36:47.415] Saved "/data/transmission-home/dht.dat" (variant.c:1266)
[2018-08-03 14:36:47.415] Port Forwarding Stopped (port-forwarding.c:180)
[2018-08-06 17:46:14.931] Transmission 2.94 (d8e60ee44f) started (session.c:740)
[2018-08-06 17:46:15.395] RPC Server Adding address to whitelist: 127.0.0.1 (rpc-server.c:971)
[2018-08-06 17:46:15.395] RPC Server Adding address to whitelist: 192.168.*.* (rpc-server.c:971)
[2018-08-06 17:46:15.395] RPC Server Adding address to whitelist: 127.0.0.1 (rpc-server.c:971)
[2018-08-06 17:46:15.395] RPC Server Serving RPC and Web requests on port 127.0.0.1:9091/transmission/ (rpc-server.c:1213)
[2018-08-06 17:46:15.395] RPC Server Password required (rpc-server.c:1220)
[2018-08-06 17:46:15.395] Port Forwarding Stopped (port-forwarding.c:180)
[2018-08-06 17:46:15.395] UDP Failed to set receive buffer: requested 4194304, got 425984 (tr-udp.c:84)
[2018-08-06 17:46:15.395] UDP Please add the line "net.core.rmem_max = 4194304" to /etc/sysctl.conf (tr-udp.c:89)
[2018-08-06 17:46:15.395] UDP Failed to set send buffer: requested 1048576, got 425984 (tr-udp.c:95)
[2018-08-06 17:46:15.395] UDP Please add the line "net.core.wmem_max = 1048576" to /etc/sysctl.conf (tr-udp.c:100)
[2018-08-06 17:46:15.395] DHT Reusing old id (tr-dht.c:307)
[2018-08-06 17:46:15.395] DHT Bootstrapping from 43 IPv4 nodes (tr-dht.c:156)
[2018-08-06 17:46:15.395] Using settings from "/data/transmission-home" (daemon.c:528)
[2018-08-06 17:46:15.395] Saved "/data/transmission-home/settings.json" (variant.c:1266)
[2018-08-06 17:46:15.395] transmission-daemon requiring authentication (daemon.c:554)
[2018-08-06 17:46:15.395] Watching "/data/watch" for new .torrent files (daemon.c:573)
[2018-08-06 17:55:29.994] DHT Attempting bootstrap from dht.transmissionbt.com (tr-dht.c:249)
[2018-08-06 19:58:01.835] Transmission 2.94 (d8e60ee44f) started (session.c:740)
[2018-08-06 19:58:01.835] RPC Server Adding address to whitelist: 127.0.0.1 (rpc-server.c:971)
[2018-08-06 19:58:01.835] RPC Server Adding address to whitelist: 192.168.*.* (rpc-server.c:971)
[2018-08-06 19:58:01.835] RPC Server Adding address to whitelist: 127.0.0.1 (rpc-server.c:971)
[2018-08-06 19:58:01.835] RPC Server Serving RPC and Web requests on port 127.0.0.1:9091/transmission/ (rpc-server.c:1213)
[2018-08-06 19:58:01.835] RPC Server Password required (rpc-server.c:1220)
[2018-08-06 19:58:01.835] Port Forwarding Stopped (port-forwarding.c:180)
[2018-08-06 19:58:01.835] UDP Failed to set receive buffer: requested 4194304, got 425984 (tr-udp.c:84)
[2018-08-06 19:58:01.835] UDP Please add the line "net.core.rmem_max = 4194304" to /etc/sysctl.conf (tr-udp.c:89)
[2018-08-06 19:58:01.835] UDP Failed to set send buffer: requested 1048576, got 425984 (tr-udp.c:95)
[2018-08-06 19:58:01.835] UDP Please add the line "net.core.wmem_max = 1048576" to /etc/sysctl.conf (tr-udp.c:100)
[2018-08-06 19:58:01.835] DHT Reusing old id (tr-dht.c:307)
[2018-08-06 19:58:01.835] DHT Bootstrapping from 67 IPv4 nodes (tr-dht.c:156)
[2018-08-06 19:58:01.835] Using settings from "/data/transmission-home" (daemon.c:528)
[2018-08-06 19:58:01.835] Saved "/data/transmission-home/settings.json" (variant.c:1266)
[2018-08-06 19:58:01.835] transmission-daemon requiring authentication (daemon.c:554)
[2018-08-06 19:58:01.835] Watching "/data/watch" for new .torrent files (daemon.c:573)
[2018-08-06 20:00:31.835] Searching for web interface file "/config/.local/share/transmission/web/index.html" (platform.c:430)
[2018-08-06 20:00:32.978] Searching for web interface file "/usr/share/transmission/web/index.html" (platform.c:430)
[2018-08-06 20:38:02.518] Transmission 2.94 (d8e60ee44f) started (session.c:740)
[2018-08-06 20:38:02.641] RPC Server Adding address to whitelist: 127.0.0.1 (rpc-server.c:971)
[2018-08-06 20:38:02.642] RPC Server Adding address to whitelist: 192.168.*.* (rpc-server.c:971)
[2018-08-06 20:38:02.642] RPC Server Adding address to whitelist: 127.0.0.1 (rpc-server.c:971)
[2018-08-06 20:38:02.642] RPC Server Serving RPC and Web requests on port 127.0.0.1:9091/transmission/ (rpc-server.c:1213)
[2018-08-06 20:38:02.642] RPC Server Password required (rpc-server.c:1220)
[2018-08-06 20:38:02.642] Port Forwarding Stopped (port-forwarding.c:180)
[2018-08-06 20:38:02.642] UDP Failed to set receive buffer: requested 4194304, got 425984 (tr-udp.c:84)
[2018-08-06 20:38:02.642] UDP Please add the line "net.core.rmem_max = 4194304" to /etc/sysctl.conf (tr-udp.c:89)
[2018-08-06 20:38:02.642] UDP Failed to set send buffer: requested 1048576, got 425984 (tr-udp.c:95)
[2018-08-06 20:38:02.642] UDP Please add the line "net.core.wmem_max = 1048576" to /etc/sysctl.conf (tr-udp.c:100)
[2018-08-06 20:38:02.642] DHT Reusing old id (tr-dht.c:307)
[2018-08-06 20:38:02.642] DHT Bootstrapping from 67 IPv4 nodes (tr-dht.c:156)
[2018-08-06 20:38:02.642] Using settings from "/data/transmission-home" (daemon.c:528)
[2018-08-06 20:38:02.642] Saved "/data/transmission-home/settings.json" (variant.c:1266)
[2018-08-06 20:38:02.642] transmission-daemon requiring authentication (daemon.c:554)
[2018-08-06 20:38:02.642] Watching "/data/watch" for new .torrent files (daemon.c:573)
[2018-08-08 18:52:45.731] Transmission 2.94 (d8e60ee44f) started (session.c:740)
[2018-08-08 18:52:46.399] RPC Server Adding address to whitelist: 127.0.0.1 (rpc-server.c:971)
[2018-08-08 18:52:46.399] RPC Server Adding address to whitelist: 192.168.*.* (rpc-server.c:971)
[2018-08-08 18:52:46.399] RPC Server Adding address to whitelist: 127.0.0.1 (rpc-server.c:971)
[2018-08-08 18:52:46.399] RPC Server Serving RPC and Web requests on port 127.0.0.1:9091/transmission/ (rpc-server.c:1213)
[2018-08-08 18:52:46.399] RPC Server Password required (rpc-server.c:1220)
[2018-08-08 18:52:46.399] Port Forwarding Stopped (port-forwarding.c:180)
[2018-08-08 18:52:46.399] UDP Failed to set receive buffer: requested 4194304, got 425984 (tr-udp.c:84)
[2018-08-08 18:52:46.399] UDP Please add the line "net.core.rmem_max = 4194304" to /etc/sysctl.conf (tr-udp.c:89)
[2018-08-08 18:52:46.399] UDP Failed to set send buffer: requested 1048576, got 425984 (tr-udp.c:95)
[2018-08-08 18:52:46.399] UDP Please add the line "net.core.wmem_max = 1048576" to /etc/sysctl.conf (tr-udp.c:100)
[2018-08-08 18:52:46.399] DHT Reusing old id (tr-dht.c:307)
[2018-08-08 18:52:46.399] DHT Bootstrapping from 67 IPv4 nodes (tr-dht.c:156)
[2018-08-08 18:52:46.399] Using settings from "/data/transmission-home" (daemon.c:528)
[2018-08-08 18:52:46.399] Saved "/data/transmission-home/settings.json" (variant.c:1266)
[2018-08-08 18:52:46.399] transmission-daemon requiring authentication (daemon.c:554)
[2018-08-08 18:52:46.399] Watching "/data/watch" for new .torrent files (daemon.c:573)
[2018-08-08 20:59:41.982] Saved "/data/transmission-home/settings.json" (variant.c:1266)
[2018-08-08 20:59:42.424] DHT Saving 88 (88 + 0) nodes (tr-dht.c:369)
[2018-08-08 20:59:42.424] Saved "/data/transmission-home/dht.dat" (variant.c:1266)
[2018-08-08 20:59:42.424] Port Forwarding Stopped (port-forwarding.c:180)
[2018-08-09 19:49:07.807] Transmission 2.94 (d8e60ee44f) started (session.c:740)
[2018-08-09 19:49:08.283] RPC Server Adding address to whitelist: 127.0.0.1 (rpc-server.c:971)
[2018-08-09 19:49:08.283] RPC Server Adding address to whitelist: 192.168.*.* (rpc-server.c:971)
[2018-08-09 19:49:08.283] RPC Server Adding address to whitelist: 127.0.0.1 (rpc-server.c:971)
[2018-08-09 19:49:08.283] RPC Server Serving RPC and Web requests on port 127.0.0.1:9091/transmission/ (rpc-server.c:1213)
[2018-08-09 19:49:08.283] RPC Server Password required (rpc-server.c:1220)
[2018-08-09 19:49:08.283] Port Forwarding Stopped (port-forwarding.c:180)
[2018-08-09 19:49:08.283] UDP Failed to set receive buffer: requested 4194304, got 425984 (tr-udp.c:84)
[2018-08-09 19:49:08.283] UDP Please add the line "net.core.rmem_max = 4194304" to /etc/sysctl.conf (tr-udp.c:89)
[2018-08-09 19:49:08.283] UDP Failed to set send buffer: requested 1048576, got 425984 (tr-udp.c:95)
[2018-08-09 19:49:08.283] UDP Please add the line "net.core.wmem_max = 1048576" to /etc/sysctl.conf (tr-udp.c:100)
[2018-08-09 19:49:08.283] DHT Reusing old id (tr-dht.c:307)
[2018-08-09 19:49:08.283] DHT Bootstrapping from 88 IPv4 nodes (tr-dht.c:156)
[2018-08-09 19:49:08.283] Using settings from "/data/transmission-home" (daemon.c:528)
[2018-08-09 19:49:08.283] Saved "/data/transmission-home/settings.json" (variant.c:1266)
[2018-08-09 19:49:08.283] transmission-daemon requiring authentication (daemon.c:554)
[2018-08-09 19:49:08.283] Watching "/data/watch" for new .torrent files (daemon.c:573)
[2018-08-09 20:44:38.618] Saved "/data/transmission-home/settings.json" (variant.c:1266)
[2018-08-09 20:44:39.249] DHT Saving 77 (77 + 0) nodes (tr-dht.c:369)
[2018-08-09 20:44:39.250] Saved "/data/transmission-home/dht.dat" (variant.c:1266)
[2018-08-09 20:44:39.250] Port Forwarding Stopped (port-forwarding.c:180)
[2018-08-09 20:47:42.248] Transmission 2.94 (d8e60ee44f) started (session.c:740)
[2018-08-09 20:47:42.506] RPC Server Adding address to whitelist: 127.0.0.1 (rpc-server.c:971)
[2018-08-09 20:47:42.506] RPC Server Adding address to whitelist: 192.168.*.* (rpc-server.c:971)
[2018-08-09 20:47:42.506] RPC Server Adding address to whitelist: 127.0.0.1 (rpc-server.c:971)
[2018-08-09 20:47:42.506] RPC Server Serving RPC and Web requests on port 127.0.0.1:9091/transmission/ (rpc-server.c:1213)
[2018-08-09 20:47:42.506] RPC Server Password required (rpc-server.c:1220)
[2018-08-09 20:47:42.506] Port Forwarding Stopped (port-forwarding.c:180)
[2018-08-09 20:47:42.506] UDP Failed to set receive buffer: requested 4194304, got 425984 (tr-udp.c:84)
[2018-08-09 20:47:42.506] UDP Please add the line "net.core.rmem_max = 4194304" to /etc/sysctl.conf (tr-udp.c:89)
[2018-08-09 20:47:42.506] UDP Failed to set send buffer: requested 1048576, got 425984 (tr-udp.c:95)
[2018-08-09 20:47:42.506] UDP Please add the line "net.core.wmem_max = 1048576" to /etc/sysctl.conf (tr-udp.c:100)
[2018-08-09 20:47:42.506] DHT Reusing old id (tr-dht.c:307)
[2018-08-09 20:47:42.506] DHT Bootstrapping from 77 IPv4 nodes (tr-dht.c:156)
[2018-08-09 20:47:42.506] Using settings from "/data/transmission-home" (daemon.c:528)
[2018-08-09 20:47:42.506] Saved "/data/transmission-home/settings.json" (variant.c:1266)
[2018-08-09 20:47:42.506] transmission-daemon requiring authentication (daemon.c:554)
[2018-08-09 20:47:42.506] Watching "/data/watch" for new .torrent files (daemon.c:573)
[2018-08-14 18:53:31.091] Transmission 2.94 (d8e60ee44f) started (session.c:740)
[2018-08-14 18:53:31.716] RPC Server Adding address to whitelist: 127.0.0.1 (rpc-server.c:971)
[2018-08-14 18:53:31.716] RPC Server Adding address to whitelist: 192.168.*.* (rpc-server.c:971)
[2018-08-14 18:53:31.717] RPC Server Adding address to whitelist: 127.0.0.1 (rpc-server.c:971)
[2018-08-14 18:53:31.717] RPC Server Serving RPC and Web requests on port 127.0.0.1:9091/transmission/ (rpc-server.c:1213)
[2018-08-14 18:53:31.717] RPC Server Password required (rpc-server.c:1220)
[2018-08-14 18:53:31.717] Port Forwarding Stopped (port-forwarding.c:180)
[2018-08-14 18:53:31.717] UDP Failed to set receive buffer: requested 4194304, got 425984 (tr-udp.c:84)
[2018-08-14 18:53:31.717] UDP Please add the line "net.core.rmem_max = 4194304" to /etc/sysctl.conf (tr-udp.c:89)
[2018-08-14 18:53:31.717] UDP Failed to set send buffer: requested 1048576, got 425984 (tr-udp.c:95)
[2018-08-14 18:53:31.717] UDP Please add the line "net.core.wmem_max = 1048576" to /etc/sysctl.conf (tr-udp.c:100)
[2018-08-14 18:53:31.717] DHT Reusing old id (tr-dht.c:307)
[2018-08-14 18:53:31.717] DHT Bootstrapping from 77 IPv4 nodes (tr-dht.c:156)
[2018-08-14 18:53:31.717] Using settings from "/data/transmission-home" (daemon.c:528)
[2018-08-14 18:53:31.717] Saved "/data/transmission-home/settings.json" (variant.c:1266)
[2018-08-14 18:53:31.717] transmission-daemon requiring authentication (daemon.c:554)
[2018-08-14 18:53:31.717] Watching "/data/watch" for new .torrent files (daemon.c:573)
[2018-08-19 16:23:31.837] Transmission 2.94 (d8e60ee44f) started (session.c:740)
[2018-08-19 16:23:31.973] RPC Server Adding address to whitelist: 127.0.0.1 (rpc-server.c:971)
[2018-08-19 16:23:31.973] RPC Server Adding address to whitelist: 192.168.*.* (rpc-server.c:971)
[2018-08-19 16:23:31.973] RPC Server Adding address to whitelist: 127.0.0.1 (rpc-server.c:971)
[2018-08-19 16:23:31.973] RPC Server Serving RPC and Web requests on port 127.0.0.1:9091/transmission/ (rpc-server.c:1213)
[2018-08-19 16:23:31.973] RPC Server Password required (rpc-server.c:1220)
[2018-08-19 16:23:31.973] Port Forwarding Stopped (port-forwarding.c:180)
[2018-08-19 16:23:31.973] UDP Failed to set receive buffer: requested 4194304, got 425984 (tr-udp.c:84)
[2018-08-19 16:23:31.973] UDP Please add the line "net.core.rmem_max = 4194304" to /etc/sysctl.conf (tr-udp.c:89)
[2018-08-19 16:23:31.973] UDP Failed to set send buffer: requested 1048576, got 425984 (tr-udp.c:95)
[2018-08-19 16:23:31.973] UDP Please add the line "net.core.wmem_max = 1048576" to /etc/sysctl.conf (tr-udp.c:100)
[2018-08-19 16:23:31.973] DHT Reusing old id (tr-dht.c:307)
[2018-08-19 16:23:31.973] DHT Bootstrapping from 77 IPv4 nodes (tr-dht.c:156)
[2018-08-19 16:23:31.973] Using settings from "/data/transmission-home" (daemon.c:528)
[2018-08-19 16:23:31.973] Saved "/data/transmission-home/settings.json" (variant.c:1266)
[2018-08-19 16:23:31.973] transmission-daemon requiring authentication (daemon.c:554)
[2018-08-19 16:23:31.973] Watching "/data/watch" for new .torrent files (daemon.c:573)
[2018-08-19 16:24:26.302] Saved "/data/transmission-home/settings.json" (variant.c:1266)
[2018-08-19 16:24:26.303] DHT Not saving nodes, DHT not ready (tr-dht.c:359)
[2018-08-19 16:24:26.303] Port Forwarding Stopped (port-forwarding.c:180)
[2018-08-19 16:25:09.100] Transmission 2.94 (d8e60ee44f) started (session.c:740)
[2018-08-19 16:25:09.100] RPC Server Adding address to whitelist: 127.0.0.1 (rpc-server.c:971)
[2018-08-19 16:25:09.100] RPC Server Adding address to whitelist: 192.168.*.* (rpc-server.c:971)
[2018-08-19 16:25:09.100] RPC Server Adding address to whitelist: 127.0.0.1 (rpc-server.c:971)
[2018-08-19 16:25:09.100] RPC Server Serving RPC and Web requests on port 127.0.0.1:9091/transmission/ (rpc-server.c:1213)
[2018-08-19 16:25:09.100] RPC Server Password required (rpc-server.c:1220)
[2018-08-19 16:25:09.100] Port Forwarding Stopped (port-forwarding.c:180)
[2018-08-19 16:25:09.100] UDP Failed to set receive buffer: requested 4194304, got 425984 (tr-udp.c:84)
[2018-08-19 16:25:09.100] UDP Please add the line "net.core.rmem_max = 4194304" to /etc/sysctl.conf (tr-udp.c:89)
[2018-08-19 16:25:09.100] UDP Failed to set send buffer: requested 1048576, got 425984 (tr-udp.c:95)
[2018-08-19 16:25:09.100] UDP Please add the line "net.core.wmem_max = 1048576" to /etc/sysctl.conf (tr-udp.c:100)
[2018-08-19 16:25:09.100] DHT Reusing old id (tr-dht.c:307)
[2018-08-19 16:25:09.100] DHT Bootstrapping from 77 IPv4 nodes (tr-dht.c:156)
[2018-08-19 16:25:09.100] Using settings from "/data/transmission-home" (daemon.c:528)
[2018-08-19 16:25:09.100] Saved "/data/transmission-home/settings.json" (variant.c:1266)
[2018-08-19 16:25:09.100] transmission-daemon requiring authentication (daemon.c:554)
[2018-08-19 16:25:09.100] Watching "/data/watch" for new .torrent files (daemon.c:573)
[2018-08-19 18:28:28.371] Saved "/data/transmission-home/settings.json" (variant.c:1266)
[2018-08-19 18:28:28.583] DHT Saving 79 (79 + 0) nodes (tr-dht.c:369)
[2018-08-19 18:28:28.583] Saved "/data/transmission-home/dht.dat" (variant.c:1266)
[2018-08-19 18:28:28.583] Port Forwarding Stopped (port-forwarding.c:180)
[2018-08-19 18:36:50.472] Transmission 2.94 (d8e60ee44f) started (session.c:740)
[2018-08-19 18:36:50.472] RPC Server Adding address to whitelist: 127.0.0.1 (rpc-server.c:971)
[2018-08-19 18:36:50.472] RPC Server Adding address to whitelist: 192.168.*.* (rpc-server.c:971)
[2018-08-19 18:36:50.472] RPC Server Adding address to whitelist: 127.0.0.1 (rpc-server.c:971)
[2018-08-19 18:36:50.472] RPC Server Serving RPC and Web requests on port 127.0.0.1:9091/transmission/ (rpc-server.c:1213)
[2018-08-19 18:36:50.472] RPC Server Password required (rpc-server.c:1220)
[2018-08-19 18:36:50.472] Port Forwarding Stopped (port-forwarding.c:180)
[2018-08-19 18:36:50.472] UDP Failed to set receive buffer: requested 4194304, got 425984 (tr-udp.c:84)
[2018-08-19 18:36:50.472] UDP Please add the line "net.core.rmem_max = 4194304" to /etc/sysctl.conf (tr-udp.c:89)
[2018-08-19 18:36:50.472] UDP Failed to set send buffer: requested 1048576, got 425984 (tr-udp.c:95)
[2018-08-19 18:36:50.472] UDP Please add the line "net.core.wmem_max = 1048576" to /etc/sysctl.conf (tr-udp.c:100)
[2018-08-19 18:36:50.472] DHT Reusing old id (tr-dht.c:307)
[2018-08-19 18:36:50.472] DHT Bootstrapping from 79 IPv4 nodes (tr-dht.c:156)
[2018-08-19 18:36:50.473] Using settings from "/data/transmission-home" (daemon.c:528)
[2018-08-19 18:36:50.473] Saved "/data/transmission-home/settings.json" (variant.c:1266)
[2018-08-19 18:36:50.473] transmission-daemon requiring authentication (daemon.c:554)
[2018-08-19 18:36:50.473] Watching "/data/watch" for new .torrent files (daemon.c:573)
[2018-08-19 18:46:41.581] Transmission 2.94 (d8e60ee44f) started (session.c:740)
[2018-08-19 18:46:41.581] RPC Server Adding address to whitelist: 127.0.0.1 (rpc-server.c:971)
[2018-08-19 18:46:41.581] RPC Server Adding address to whitelist: 192.168.*.* (rpc-server.c:971)
[2018-08-19 18:46:41.581] RPC Server Adding address to whitelist: 127.0.0.1 (rpc-server.c:971)
[2018-08-19 18:46:41.581] RPC Server Serving RPC and Web requests on port 127.0.0.1:9091/transmission/ (rpc-server.c:1213)
[2018-08-19 18:46:41.581] RPC Server Password required (rpc-server.c:1220)
[2018-08-19 18:46:41.581] Port Forwarding Stopped (port-forwarding.c:180)
[2018-08-19 18:46:41.581] UDP Failed to set receive buffer: requested 4194304, got 425984 (tr-udp.c:84)
[2018-08-19 18:46:41.581] UDP Please add the line "net.core.rmem_max = 4194304" to /etc/sysctl.conf (tr-udp.c:89)
[2018-08-19 18:46:41.581] UDP Failed to set send buffer: requested 1048576, got 425984 (tr-udp.c:95)
[2018-08-19 18:46:41.581] UDP Please add the line "net.core.wmem_max = 1048576" to /etc/sysctl.conf (tr-udp.c:100)
[2018-08-19 18:46:41.581] DHT Reusing old id (tr-dht.c:307)
[2018-08-19 18:46:41.581] DHT Bootstrapping from 79 IPv4 nodes (tr-dht.c:156)
[2018-08-19 18:46:41.581] Using settings from "/data/transmission-home" (daemon.c:528)
[2018-08-19 18:46:41.581] Saved "/data/transmission-home/settings.json" (variant.c:1266)
[2018-08-19 18:46:41.581] transmission-daemon requiring authentication (daemon.c:554)
[2018-08-19 18:46:41.581] Watching "/data/watch" for new .torrent files (daemon.c:573)
[2018-08-19 18:59:39.831] Saved "/data/transmission-home/settings.json" (variant.c:1266)
[2018-08-19 19:00:36.373] Transmission 2.94 (d8e60ee44f) started (session.c:740)
[2018-08-19 19:00:36.373] RPC Server Adding address to whitelist: 127.0.0.1 (rpc-server.c:971)
[2018-08-19 19:00:36.373] RPC Server Adding address to whitelist: 192.168.*.* (rpc-server.c:971)
[2018-08-19 19:00:36.373] RPC Server Adding address to whitelist: 127.0.0.1 (rpc-server.c:971)
[2018-08-19 19:00:36.373] RPC Server Serving RPC and Web requests on port 127.0.0.1:9091/transmission/ (rpc-server.c:1213)
[2018-08-19 19:00:36.373] RPC Server Password required (rpc-server.c:1220)
[2018-08-19 19:00:36.373] Port Forwarding Stopped (port-forwarding.c:180)
[2018-08-19 19:00:36.373] UDP Failed to set receive buffer: requested 4194304, got 425984 (tr-udp.c:84)
[2018-08-19 19:00:36.373] UDP Please add the line "net.core.rmem_max = 4194304" to /etc/sysctl.conf (tr-udp.c:89)
[2018-08-19 19:00:36.373] UDP Failed to set send buffer: requested 1048576, got 425984 (tr-udp.c:95)
[2018-08-19 19:00:36.373] UDP Please add the line "net.core.wmem_max = 1048576" to /etc/sysctl.conf (tr-udp.c:100)
[2018-08-19 19:00:36.373] DHT Reusing old id (tr-dht.c:307)
[2018-08-19 19:00:36.373] DHT Bootstrapping from 67 IPv4 nodes (tr-dht.c:156)
[2018-08-19 19:00:36.373] Using settings from "/data/transmission-home" (daemon.c:528)
[2018-08-19 19:00:36.373] Saved "/data/transmission-home/settings.json" (variant.c:1266)
[2018-08-19 19:00:36.373] transmission-daemon requiring authentication (daemon.c:554)
[2018-08-19 19:00:36.373] Watching "/data/watch" for new .torrent files (daemon.c:573)
[2018-08-19 19:06:26.999] Transmission 2.94 (d8e60ee44f) started (session.c:740)
[2018-08-19 19:06:27.067] RPC Server Adding address to whitelist: 127.0.0.1 (rpc-server.c:971)
[2018-08-19 19:06:27.067] RPC Server Adding address to whitelist: 192.168.*.* (rpc-server.c:971)
[2018-08-19 19:06:27.067] RPC Server Adding address to whitelist: 127.0.0.1 (rpc-server.c:971)
[2018-08-19 19:06:27.067] RPC Server Serving RPC and Web requests on port 127.0.0.1:9091/transmission/ (rpc-server.c:1213)
[2018-08-19 19:06:27.067] RPC Server Password required (rpc-server.c:1220)
[2018-08-19 19:06:27.067] Port Forwarding Stopped (port-forwarding.c:180)
[2018-08-19 19:06:27.067] UDP Failed to set receive buffer: requested 4194304, got 425984 (tr-udp.c:84)
[2018-08-19 19:06:27.067] UDP Please add the line "net.core.rmem_max = 4194304" to /etc/sysctl.conf (tr-udp.c:89)
[2018-08-19 19:06:27.067] UDP Failed to set send buffer: requested 1048576, got 425984 (tr-udp.c:95)
[2018-08-19 19:06:27.067] UDP Please add the line "net.core.wmem_max = 1048576" to /etc/sysctl.conf (tr-udp.c:100)
[2018-08-19 19:06:27.067] DHT Reusing old id (tr-dht.c:307)
[2018-08-19 19:06:27.067] DHT Bootstrapping from 67 IPv4 nodes (tr-dht.c:156)
[2018-08-19 19:06:27.067] Using settings from "/data/transmission-home" (daemon.c:528)
[2018-08-19 19:06:27.067] Saved "/data/transmission-home/settings.json" (variant.c:1266)
[2018-08-19 19:06:27.067] transmission-daemon requiring authentication (daemon.c:554)
[2018-08-19 19:06:27.067] Watching "/data/watch" for new .torrent files (daemon.c:573)
[2018-08-19 19:09:59.318] Transmission 2.94 (d8e60ee44f) started (session.c:740)
[2018-08-19 19:09:59.318] RPC Server Adding address to whitelist: 127.0.0.1 (rpc-server.c:971)
[2018-08-19 19:09:59.318] RPC Server Adding address to whitelist: 192.168.*.* (rpc-server.c:971)
[2018-08-19 19:09:59.318] RPC Server Adding address to whitelist: 127.0.0.1 (rpc-server.c:971)
[2018-08-19 19:09:59.318] RPC Server Serving RPC and Web requests on port 127.0.0.1:9091/transmission/ (rpc-server.c:1213)
[2018-08-19 19:09:59.318] RPC Server Password required (rpc-server.c:1220)
[2018-08-19 19:09:59.318] Port Forwarding Stopped (port-forwarding.c:180)
[2018-08-19 19:09:59.318] UDP Failed to set receive buffer: requested 4194304, got 425984 (tr-udp.c:84)
[2018-08-19 19:09:59.318] UDP Please add the line "net.core.rmem_max = 4194304" to /etc/sysctl.conf (tr-udp.c:89)
[2018-08-19 19:09:59.318] UDP Failed to set send buffer: requested 1048576, got 425984 (tr-udp.c:95)
[2018-08-19 19:09:59.318] UDP Please add the line "net.core.wmem_max = 1048576" to /etc/sysctl.conf (tr-udp.c:100)
[2018-08-19 19:09:59.318] DHT Reusing old id (tr-dht.c:307)
[2018-08-19 19:09:59.318] DHT Bootstrapping from 67 IPv4 nodes (tr-dht.c:156)
[2018-08-19 19:09:59.318] Using settings from "/data/transmission-home" (daemon.c:528)
[2018-08-19 19:09:59.318] Saved "/data/transmission-home/settings.json" (variant.c:1266)
[2018-08-19 19:09:59.318] transmission-daemon requiring authentication (daemon.c:554)
[2018-08-19 19:09:59.318] Watching "/data/watch" for new .torrent files (daemon.c:573)
[2018-08-19 19:28:41.578] Saved "/data/transmission-home/settings.json" (variant.c:1266)
[2018-08-19 19:28:41.829] DHT Saving 64 (64 + 0) nodes (tr-dht.c:369)
[2018-08-19 19:28:41.829] Saved "/data/transmission-home/dht.dat" (variant.c:1266)
[2018-08-19 19:28:41.829] Port Forwarding Stopped (port-forwarding.c:180)
[2018-08-19 19:30:21.605] Transmission 2.94 (d8e60ee44f) started (session.c:740)
[2018-08-19 19:30:21.605] RPC Server Adding address to whitelist: 127.0.0.1 (rpc-server.c:971)
[2018-08-19 19:30:21.605] RPC Server Adding address to whitelist: 192.168.*.* (rpc-server.c:971)
[2018-08-19 19:30:21.605] RPC Server Adding address to whitelist: 127.0.0.1 (rpc-server.c:971)
[2018-08-19 19:30:21.605] RPC Server Serving RPC and Web requests on port 127.0.0.1:9091/transmission/ (rpc-server.c:1213)
[2018-08-19 19:30:21.605] RPC Server Password required (rpc-server.c:1220)
[2018-08-19 19:30:21.605] Port Forwarding Stopped (port-forwarding.c:180)
[2018-08-19 19:30:21.605] UDP Failed to set receive buffer: requested 4194304, got 425984 (tr-udp.c:84)
[2018-08-19 19:30:21.605] UDP Please add the line "net.core.rmem_max = 4194304" to /etc/sysctl.conf (tr-udp.c:89)
[2018-08-19 19:30:21.605] UDP Failed to set send buffer: requested 1048576, got 425984 (tr-udp.c:95)
[2018-08-19 19:30:21.605] UDP Please add the line "net.core.wmem_max = 1048576" to /etc/sysctl.conf (tr-udp.c:100)
[2018-08-19 19:30:21.605] DHT Reusing old id (tr-dht.c:307)
[2018-08-19 19:30:21.605] DHT Bootstrapping from 64 IPv4 nodes (tr-dht.c:156)
[2018-08-19 19:30:21.605] Using settings from "/data/transmission-home" (daemon.c:528)
[2018-08-19 19:30:21.605] Saved "/data/transmission-home/settings.json" (variant.c:1266)
[2018-08-19 19:30:21.605] transmission-daemon requiring authentication (daemon.c:554)
[2018-08-19 19:30:21.605] Watching "/data/watch" for new .torrent files (daemon.c:573)
[2018-08-19 21:52:28.296] Saved "/data/transmission-home/settings.json" (variant.c:1266)
[2018-08-19 21:52:28.296] DHT Saving 104 (104 + 0) nodes (tr-dht.c:369)
[2018-08-19 21:52:28.296] Saved "/data/transmission-home/dht.dat" (variant.c:1266)
[2018-08-19 21:52:28.296] Port Forwarding Stopped (port-forwarding.c:180)
[2018-08-20 18:45:00.170] Transmission 2.94 (d8e60ee44f) started (session.c:740)
[2018-08-20 18:45:00.531] RPC Server Adding address to whitelist: 127.0.0.1 (rpc-server.c:971)
[2018-08-20 18:45:00.531] RPC Server Adding address to whitelist: 192.168.*.* (rpc-server.c:971)
[2018-08-20 18:45:00.531] RPC Server Adding address to whitelist: 127.0.0.1 (rpc-server.c:971)
[2018-08-20 18:45:00.531] RPC Server Serving RPC and Web requests on port 127.0.0.1:9091/transmission/ (rpc-server.c:1213)
[2018-08-20 18:45:00.531] RPC Server Password required (rpc-server.c:1220)
[2018-08-20 18:45:00.531] Port Forwarding Stopped (port-forwarding.c:180)
[2018-08-20 18:45:00.531] UDP Failed to set receive buffer: requested 4194304, got 425984 (tr-udp.c:84)
[2018-08-20 18:45:00.531] UDP Please add the line "net.core.rmem_max = 4194304" to /etc/sysctl.conf (tr-udp.c:89)
[2018-08-20 18:45:00.531] UDP Failed to set send buffer: requested 1048576, got 425984 (tr-udp.c:95)
[2018-08-20 18:45:00.531] UDP Please add the line "net.core.wmem_max = 1048576" to /etc/sysctl.conf (tr-udp.c:100)
[2018-08-20 18:45:00.531] DHT Reusing old id (tr-dht.c:307)
[2018-08-20 18:45:00.531] DHT Bootstrapping from 104 IPv4 nodes (tr-dht.c:156)
[2018-08-20 18:45:00.531] Using settings from "/data/transmission-home" (daemon.c:528)
[2018-08-20 18:45:00.531] Saved "/data/transmission-home/settings.json" (variant.c:1266)
[2018-08-20 18:45:00.531] transmission-daemon requiring authentication (daemon.c:554)
[2018-08-20 18:45:00.531] Watching "/data/watch" for new .torrent files (daemon.c:573)
[2018-08-20 18:58:21.521] Saved "/data/transmission-home/settings.json" (variant.c:1266)
[2018-08-20 18:58:21.521] DHT Saving 57 (57 + 0) nodes (tr-dht.c:369)
[2018-08-20 18:58:21.521] Saved "/data/transmission-home/dht.dat" (variant.c:1266)
[2018-08-20 18:58:21.521] Port Forwarding Stopped (port-forwarding.c:180)
[2018-08-20 19:00:21.475] Transmission 2.94 (d8e60ee44f) started (session.c:740)
[2018-08-20 19:00:21.475] RPC Server Adding address to whitelist: 127.0.0.1 (rpc-server.c:971)
[2018-08-20 19:00:21.475] RPC Server Adding address to whitelist: 192.168.*.* (rpc-server.c:971)
[2018-08-20 19:00:21.475] RPC Server Adding address to whitelist: 127.0.0.1 (rpc-server.c:971)
[2018-08-20 19:00:21.475] RPC Server Serving RPC and Web requests on port 127.0.0.1:9091/transmission/ (rpc-server.c:1213)
[2018-08-20 19:00:21.475] RPC Server Password required (rpc-server.c:1220)
[2018-08-20 19:00:21.475] Port Forwarding Stopped (port-forwarding.c:180)
[2018-08-20 19:00:21.475] UDP Failed to set receive buffer: requested 4194304, got 425984 (tr-udp.c:84)
[2018-08-20 19:00:21.475] UDP Please add the line "net.core.rmem_max = 4194304" to /etc/sysctl.conf (tr-udp.c:89)
[2018-08-20 19:00:21.475] UDP Failed to set send buffer: requested 1048576, got 425984 (tr-udp.c:95)
[2018-08-20 19:00:21.475] UDP Please add the line "net.core.wmem_max = 1048576" to /etc/sysctl.conf (tr-udp.c:100)
[2018-08-20 19:00:21.475] DHT Reusing old id (tr-dht.c:307)
[2018-08-20 19:00:21.475] DHT Bootstrapping from 57 IPv4 nodes (tr-dht.c:156)
[2018-08-20 19:00:21.475] Using settings from "/data/transmission-home" (daemon.c:528)
[2018-08-20 19:00:21.475] Saved "/data/transmission-home/settings.json" (variant.c:1266)
[2018-08-20 19:00:21.475] transmission-daemon requiring authentication (daemon.c:554)
[2018-08-20 19:00:21.475] Watching "/data/watch" for new .torrent files (daemon.c:573)
[2018-08-20 19:04:28.753] Saved "/data/transmission-home/settings.json" (variant.c:1266)
[2018-08-20 19:04:28.753] DHT Not saving nodes, DHT not ready (tr-dht.c:359)
[2018-08-20 19:04:28.753] Port Forwarding Stopped (port-forwarding.c:180)
[2018-08-20 19:09:23.460] Transmission 2.94 (d8e60ee44f) started (session.c:740)
[2018-08-20 19:09:23.460] RPC Server Adding address to whitelist: 127.0.0.1 (rpc-server.c:971)
[2018-08-20 19:09:23.460] RPC Server Adding address to whitelist: 192.168.*.* (rpc-server.c:971)
[2018-08-20 19:09:23.460] RPC Server Adding address to whitelist: 127.0.0.1 (rpc-server.c:971)
[2018-08-20 19:09:23.460] RPC Server Serving RPC and Web requests on port 127.0.0.1:9091/transmission/ (rpc-server.c:1213)
[2018-08-20 19:09:23.460] RPC Server Password required (rpc-server.c:1220)
[2018-08-20 19:09:23.460] Port Forwarding Stopped (port-forwarding.c:180)
[2018-08-20 19:09:23.460] UDP Failed to set receive buffer: requested 4194304, got 425984 (tr-udp.c:84)
[2018-08-20 19:09:23.460] UDP Please add the line "net.core.rmem_max = 4194304" to /etc/sysctl.conf (tr-udp.c:89)
[2018-08-20 19:09:23.460] UDP Failed to set send buffer: requested 1048576, got 425984 (tr-udp.c:95)
[2018-08-20 19:09:23.460] UDP Please add the line "net.core.wmem_max = 1048576" to /etc/sysctl.conf (tr-udp.c:100)
[2018-08-20 19:09:23.460] DHT Reusing old id (tr-dht.c:307)
[2018-08-20 19:09:23.460] DHT Bootstrapping from 57 IPv4 nodes (tr-dht.c:156)
[2018-08-20 19:09:23.460] Using settings from "/data/transmission-home" (daemon.c:528)
[2018-08-20 19:09:23.460] Saved "/data/transmission-home/settings.json" (variant.c:1266)
[2018-08-20 19:09:23.460] transmission-daemon requiring authentication (daemon.c:554)
[2018-08-20 19:09:23.460] Watching "/data/watch" for new .torrent files (daemon.c:573)
[2018-08-20 19:13:50.713] Saved "/data/transmission-home/settings.json" (variant.c:1266)
[2018-08-20 19:13:50.844] DHT Not saving nodes, DHT not ready (tr-dht.c:359)
[2018-08-20 19:13:50.844] Port Forwarding Stopped (port-forwarding.c:180)
[2018-08-20 19:27:33.354] Transmission 2.94 (d8e60ee44f) started (session.c:740)
[2018-08-20 19:27:33.354] RPC Server Adding address to whitelist: 127.0.0.1 (rpc-server.c:971)
[2018-08-20 19:27:33.354] RPC Server Adding address to whitelist: 192.168.*.* (rpc-server.c:971)
[2018-08-20 19:27:33.354] RPC Server Adding address to whitelist: 127.0.0.1 (rpc-server.c:971)
[2018-08-20 19:27:33.355] RPC Server Serving RPC and Web requests on port 127.0.0.1:9091/transmission/ (rpc-server.c:1213)
[2018-08-20 19:27:33.355] RPC Server Password required (rpc-server.c:1220)
[2018-08-20 19:27:33.355] Port Forwarding Stopped (port-forwarding.c:180)
[2018-08-20 19:27:33.355] UDP Failed to set receive buffer: requested 4194304, got 425984 (tr-udp.c:84)
[2018-08-20 19:27:33.355] UDP Please add the line "net.core.rmem_max = 4194304" to /etc/sysctl.conf (tr-udp.c:89)
[2018-08-20 19:27:33.355] UDP Failed to set send buffer: requested 1048576, got 425984 (tr-udp.c:95)
[2018-08-20 19:27:33.355] UDP Please add the line "net.core.wmem_max = 1048576" to /etc/sysctl.conf (tr-udp.c:100)
[2018-08-20 19:27:33.355] DHT Reusing old id (tr-dht.c:307)
[2018-08-20 19:27:33.355] DHT Bootstrapping from 57 IPv4 nodes (tr-dht.c:156)
[2018-08-20 19:27:33.355] Using settings from "/data/transmission-home" (daemon.c:528)
[2018-08-20 19:27:33.355] Saved "/data/transmission-home/settings.json" (variant.c:1266)
[2018-08-20 19:27:33.355] transmission-daemon requiring authentication (daemon.c:554)
[2018-08-20 19:27:33.355] Watching "/data/watch" for new .torrent files (daemon.c:573)
[2018-08-20 19:46:55.645] Saved "/data/transmission-home/settings.json" (variant.c:1266)
[2018-08-20 19:46:55.885] DHT Saving 109 (109 + 0) nodes (tr-dht.c:369)
[2018-08-20 19:46:55.885] Saved "/data/transmission-home/dht.dat" (variant.c:1266)
[2018-08-20 19:46:55.885] Port Forwarding Stopped (port-forwarding.c:180)
[2018-08-20 19:47:41.245] Transmission 2.94 (d8e60ee44f) started (session.c:740)
[2018-08-20 19:47:41.245] RPC Server Adding address to whitelist: 127.0.0.1 (rpc-server.c:971)
[2018-08-20 19:47:41.245] RPC Server Adding address to whitelist: 192.168.*.* (rpc-server.c:971)
[2018-08-20 19:47:41.245] RPC Server Adding address to whitelist: 127.0.0.1 (rpc-server.c:971)
[2018-08-20 19:47:41.245] RPC Server Serving RPC and Web requests on port 127.0.0.1:9091/transmission/ (rpc-server.c:1213)
[2018-08-20 19:47:41.245] RPC Server Password required (rpc-server.c:1220)
[2018-08-20 19:47:41.245] Port Forwarding Stopped (port-forwarding.c:180)
[2018-08-20 19:47:41.245] UDP Failed to set receive buffer: requested 4194304, got 425984 (tr-udp.c:84)
[2018-08-20 19:47:41.245] UDP Please add the line "net.core.rmem_max = 4194304" to /etc/sysctl.conf (tr-udp.c:89)
[2018-08-20 19:47:41.245] UDP Failed to set send buffer: requested 1048576, got 425984 (tr-udp.c:95)
[2018-08-20 19:47:41.245] UDP Please add the line "net.core.wmem_max = 1048576" to /etc/sysctl.conf (tr-udp.c:100)
[2018-08-20 19:47:41.245] DHT Reusing old id (tr-dht.c:307)
[2018-08-20 19:47:41.245] DHT Bootstrapping from 109 IPv4 nodes (tr-dht.c:156)
[2018-08-20 19:47:41.245] Using settings from "/data/transmission-home" (daemon.c:528)
[2018-08-20 19:47:41.245] Saved "/data/transmission-home/settings.json" (variant.c:1266)
[2018-08-20 19:47:41.245] transmission-daemon requiring authentication (daemon.c:554)
[2018-08-20 19:47:41.245] Watching "/data/watch" for new .torrent files (daemon.c:573)
[2018-08-20 21:36:31.454] Saved "/data/transmission-home/settings.json" (variant.c:1266)
[2018-08-20 21:36:31.454] DHT Saving 118 (118 + 0) nodes (tr-dht.c:369)
[2018-08-20 21:36:31.454] Saved "/data/transmission-home/dht.dat" (variant.c:1266)
[2018-08-20 21:36:31.454] Port Forwarding Stopped (port-forwarding.c:180)
[2018-08-20 21:36:33.372] Transmission 2.94 (d8e60ee44f) started (session.c:740)
[2018-08-20 21:36:33.373] RPC Server Adding address to whitelist: 127.0.0.1 (rpc-server.c:971)
[2018-08-20 21:36:33.373] RPC Server Adding address to whitelist: 192.168.*.* (rpc-server.c:971)
[2018-08-20 21:36:33.373] RPC Server Adding address to whitelist: 127.0.0.1 (rpc-server.c:971)
[2018-08-20 21:36:33.373] RPC Server Serving RPC and Web requests on port 127.0.0.1:9091/transmission/ (rpc-server.c:1213)
[2018-08-20 21:36:33.373] RPC Server Password required (rpc-server.c:1220)
[2018-08-20 21:36:33.373] Port Forwarding Stopped (port-forwarding.c:180)
[2018-08-20 21:36:33.373] UDP Failed to set receive buffer: requested 4194304, got 425984 (tr-udp.c:84)
[2018-08-20 21:36:33.373] UDP Please add the line "net.core.rmem_max = 4194304" to /etc/sysctl.conf (tr-udp.c:89)
[2018-08-20 21:36:33.373] UDP Failed to set send buffer: requested 1048576, got 425984 (tr-udp.c:95)
[2018-08-20 21:36:33.373] UDP Please add the line "net.core.wmem_max = 1048576" to /etc/sysctl.conf (tr-udp.c:100)
[2018-08-20 21:36:33.373] DHT Reusing old id (tr-dht.c:307)
[2018-08-20 21:36:33.373] DHT Bootstrapping from 118 IPv4 nodes (tr-dht.c:156)
[2018-08-20 21:36:33.373] Using settings from "/data/transmission-home" (daemon.c:528)
[2018-08-20 21:36:33.373] Saved "/data/transmission-home/settings.json" (variant.c:1266)
[2018-08-20 21:36:33.373] transmission-daemon requiring authentication (daemon.c:554)
[2018-08-20 21:36:33.373] Watching "/data/watch" for new .torrent files (daemon.c:573)
[2018-08-20 21:37:34.582] Saved "/data/transmission-home/settings.json" (variant.c:1266)
[2018-08-20 21:37:34.582] DHT Not saving nodes, DHT not ready (tr-dht.c:359)
[2018-08-20 21:37:34.582] Port Forwarding Stopped (port-forwarding.c:180)
[2018-08-20 21:37:36.521] Transmission 2.94 (d8e60ee44f) started (session.c:740)
[2018-08-20 21:37:36.522] RPC Server Adding address to whitelist: 127.0.0.1 (rpc-server.c:971)
[2018-08-20 21:37:36.522] RPC Server Adding address to whitelist: 192.168.*.* (rpc-server.c:971)
[2018-08-20 21:37:36.522] RPC Server Adding address to whitelist: 127.0.0.1 (rpc-server.c:971)
[2018-08-20 21:37:36.522] RPC Server Serving RPC and Web requests on port 127.0.0.1:9091/transmission/ (rpc-server.c:1213)
[2018-08-20 21:37:36.522] RPC Server Password required (rpc-server.c:1220)
[2018-08-20 21:37:36.526] Port Forwarding Stopped (port-forwarding.c:180)
[2018-08-20 21:37:36.526] UDP Failed to set receive buffer: requested 4194304, got 425984 (tr-udp.c:84)
[2018-08-20 21:37:36.526] UDP Please add the line "net.core.rmem_max = 4194304" to /etc/sysctl.conf (tr-udp.c:89)
[2018-08-20 21:37:36.526] UDP Failed to set send buffer: requested 1048576, got 425984 (tr-udp.c:95)
[2018-08-20 21:37:36.526] UDP Please add the line "net.core.wmem_max = 1048576" to /etc/sysctl.conf (tr-udp.c:100)
[2018-08-20 21:37:36.526] DHT Reusing old id (tr-dht.c:307)
[2018-08-20 21:37:36.526] DHT Bootstrapping from 118 IPv4 nodes (tr-dht.c:156)
[2018-08-20 21:37:36.526] Using settings from "/data/transmission-home" (daemon.c:528)
[2018-08-20 21:37:36.526] Saved "/data/transmission-home/settings.json" (variant.c:1266)
[2018-08-20 21:37:36.526] transmission-daemon requiring authentication (daemon.c:554)
[2018-08-20 21:37:36.526] Watching "/data/watch" for new .torrent files (daemon.c:573)
[2018-08-21 18:05:52.516] Transmission 2.94 (d8e60ee44f) started (session.c:740)
[2018-08-21 18:05:53.558] RPC Server Adding address to whitelist: 127.0.0.1 (rpc-server.c:971)
[2018-08-21 18:05:53.559] RPC Server Adding address to whitelist: 192.168.*.* (rpc-server.c:971)
[2018-08-21 18:05:53.559] RPC Server Adding address to whitelist: 127.0.0.1 (rpc-server.c:971)
[2018-08-21 18:05:53.559] RPC Server Serving RPC and Web requests on port 127.0.0.1:9091/transmission/ (rpc-server.c:1213)
[2018-08-21 18:05:53.559] RPC Server Password required (rpc-server.c:1220)
[2018-08-21 18:05:53.559] Port Forwarding Stopped (port-forwarding.c:180)
[2018-08-21 18:05:53.559] UDP Failed to set receive buffer: requested 4194304, got 425984 (tr-udp.c:84)
[2018-08-21 18:05:53.559] UDP Please add the line "net.core.rmem_max = 4194304" to /etc/sysctl.conf (tr-udp.c:89)
[2018-08-21 18:05:53.559] UDP Failed to set send buffer: requested 1048576, got 425984 (tr-udp.c:95)
[2018-08-21 18:05:53.559] UDP Please add the line "net.core.wmem_max = 1048576" to /etc/sysctl.conf (tr-udp.c:100)
[2018-08-21 18:05:53.559] DHT Reusing old id (tr-dht.c:307)
[2018-08-21 18:05:53.559] DHT Bootstrapping from 118 IPv4 nodes (tr-dht.c:156)
[2018-08-21 18:05:53.559] Using settings from "/data/transmission-home" (daemon.c:528)
[2018-08-21 18:05:53.559] Saved "/data/transmission-home/settings.json" (variant.c:1266)
[2018-08-21 18:05:53.559] transmission-daemon requiring authentication (daemon.c:554)
[2018-08-21 18:05:53.559] Watching "/data/watch" for new .torrent files (daemon.c:573)
[2018-08-21 19:11:06.364] Saved "/data/transmission-home/settings.json" (variant.c:1266)
[2018-08-21 19:11:06.385] DHT Saving 103 (103 + 0) nodes (tr-dht.c:369)
[2018-08-21 19:11:06.385] Saved "/data/transmission-home/dht.dat" (variant.c:1266)
[2018-08-21 19:11:06.385] Port Forwarding Stopped (port-forwarding.c:180)
[2018-08-21 19:11:08.573] Transmission 2.94 (d8e60ee44f) started (session.c:740)
[2018-08-21 19:11:08.573] RPC Server Adding address to whitelist: 127.0.0.1 (rpc-server.c:971)
[2018-08-21 19:11:08.573] RPC Server Adding address to whitelist: 192.168.*.* (rpc-server.c:971)
[2018-08-21 19:11:08.573] RPC Server Adding address to whitelist: 127.0.0.1 (rpc-server.c:971)
[2018-08-21 19:11:08.573] RPC Server Serving RPC and Web requests on port 127.0.0.1:9091/transmission/ (rpc-server.c:1213)
[2018-08-21 19:11:08.573] RPC Server Password required (rpc-server.c:1220)
[2018-08-21 19:11:08.573] Port Forwarding Stopped (port-forwarding.c:180)
[2018-08-21 19:11:08.573] UDP Failed to set receive buffer: requested 4194304, got 425984 (tr-udp.c:84)
[2018-08-21 19:11:08.573] UDP Please add the line "net.core.rmem_max = 4194304" to /etc/sysctl.conf (tr-udp.c:89)
[2018-08-21 19:11:08.573] UDP Failed to set send buffer: requested 1048576, got 425984 (tr-udp.c:95)
[2018-08-21 19:11:08.573] UDP Please add the line "net.core.wmem_max = 1048576" to /etc/sysctl.conf (tr-udp.c:100)
[2018-08-21 19:11:08.573] DHT Reusing old id (tr-dht.c:307)
[2018-08-21 19:11:08.573] DHT Bootstrapping from 103 IPv4 nodes (tr-dht.c:156)
[2018-08-21 19:11:08.573] Using settings from "/data/transmission-home" (daemon.c:528)
[2018-08-21 19:11:08.573] Saved "/data/transmission-home/settings.json" (variant.c:1266)
[2018-08-21 19:11:08.573] transmission-daemon requiring authentication (daemon.c:554)
[2018-08-21 19:11:08.573] Watching "/data/watch" for new .torrent files (daemon.c:573)
[2018-08-21 22:03:02.905] Saved "/data/transmission-home/settings.json" (variant.c:1266)
[2018-08-21 22:03:02.919] DHT Saving 66 (66 + 0) nodes (tr-dht.c:369)
[2018-08-21 22:03:02.920] Saved "/data/transmission-home/dht.dat" (variant.c:1266)
[2018-08-21 22:03:02.920] Port Forwarding Stopped (port-forwarding.c:180)
[2018-08-21 22:03:05.383] Transmission 2.94 (d8e60ee44f) started (session.c:740)
[2018-08-21 22:03:05.383] RPC Server Adding address to whitelist: 127.0.0.1 (rpc-server.c:971)
[2018-08-21 22:03:05.384] RPC Server Adding address to whitelist: 192.168.*.* (rpc-server.c:971)
[2018-08-21 22:03:05.384] RPC Server Adding address to whitelist: 127.0.0.1 (rpc-server.c:971)
[2018-08-21 22:03:05.384] RPC Server Serving RPC and Web requests on port 127.0.0.1:9091/transmission/ (rpc-server.c:1213)
[2018-08-21 22:03:05.384] RPC Server Password required (rpc-server.c:1220)
[2018-08-21 22:03:05.384] Port Forwarding Stopped (port-forwarding.c:180)
[2018-08-21 22:03:05.384] UDP Failed to set receive buffer: requested 4194304, got 425984 (tr-udp.c:84)
[2018-08-21 22:03:05.384] UDP Please add the line "net.core.rmem_max = 4194304" to /etc/sysctl.conf (tr-udp.c:89)
[2018-08-21 22:03:05.384] UDP Failed to set send buffer: requested 1048576, got 425984 (tr-udp.c:95)
[2018-08-21 22:03:05.384] UDP Please add the line "net.core.wmem_max = 1048576" to /etc/sysctl.conf (tr-udp.c:100)
[2018-08-21 22:03:05.384] DHT Reusing old id (tr-dht.c:307)
[2018-08-21 22:03:05.384] DHT Bootstrapping from 66 IPv4 nodes (tr-dht.c:156)
[2018-08-21 22:03:05.384] Using settings from "/data/transmission-home" (daemon.c:528)
[2018-08-21 22:03:05.384] Saved "/data/transmission-home/settings.json" (variant.c:1266)
[2018-08-21 22:03:05.384] transmission-daemon requiring authentication (daemon.c:554)
[2018-08-21 22:03:05.384] Watching "/data/watch" for new .torrent files (daemon.c:573)
[2018-08-21 22:18:38.172] Saved "/data/transmission-home/settings.json" (variant.c:1266)
[2018-08-21 22:18:38.173] DHT Saving 64 (64 + 0) nodes (tr-dht.c:369)
[2018-08-21 22:18:38.173] Saved "/data/transmission-home/dht.dat" (variant.c:1266)
[2018-08-21 22:18:38.173] Port Forwarding Stopped (port-forwarding.c:180)
[2018-08-22 18:15:22.210] Transmission 2.94 (d8e60ee44f) started (session.c:740)
[2018-08-22 18:15:22.579] RPC Server Adding address to whitelist: 127.0.0.1 (rpc-server.c:971)
[2018-08-22 18:15:22.579] RPC Server Adding address to whitelist: 192.168.*.* (rpc-server.c:971)
[2018-08-22 18:15:22.579] RPC Server Adding address to whitelist: 127.0.0.1 (rpc-server.c:971)
[2018-08-22 18:15:22.579] RPC Server Serving RPC and Web requests on port 127.0.0.1:9091/transmission/ (rpc-server.c:1213)
[2018-08-22 18:15:22.579] RPC Server Password required (rpc-server.c:1220)
[2018-08-22 18:15:22.579] Port Forwarding Stopped (port-forwarding.c:180)
[2018-08-22 18:15:22.579] UDP Failed to set receive buffer: requested 4194304, got 425984 (tr-udp.c:84)
[2018-08-22 18:15:22.579] UDP Please add the line "net.core.rmem_max = 4194304" to /etc/sysctl.conf (tr-udp.c:89)
[2018-08-22 18:15:22.579] UDP Failed to set send buffer: requested 1048576, got 425984 (tr-udp.c:95)
[2018-08-22 18:15:22.579] UDP Please add the line "net.core.wmem_max = 1048576" to /etc/sysctl.conf (tr-udp.c:100)
[2018-08-22 18:15:22.579] DHT Reusing old id (tr-dht.c:307)
[2018-08-22 18:15:22.579] DHT Bootstrapping from 64 IPv4 nodes (tr-dht.c:156)
[2018-08-22 18:15:22.579] Using settings from "/data/transmission-home" (daemon.c:528)
[2018-08-22 18:15:22.579] Saved "/data/transmission-home/settings.json" (variant.c:1266)
[2018-08-22 18:15:22.579] transmission-daemon requiring authentication (daemon.c:554)
[2018-08-22 18:15:22.579] Watching "/data/watch" for new .torrent files (daemon.c:573)
[2018-08-22 18:32:37.709] Saved "/data/transmission-home/settings.json" (variant.c:1266)
[2018-08-22 18:32:37.736] DHT Saving 83 (83 + 0) nodes (tr-dht.c:369)
[2018-08-22 18:32:37.736] Saved "/data/transmission-home/dht.dat" (variant.c:1266)
[2018-08-22 18:32:37.736] Port Forwarding Stopped (port-forwarding.c:180)
[2018-08-22 18:35:46.467] Transmission 2.94 (d8e60ee44f) started (session.c:740)
[2018-08-22 18:35:46.468] RPC Server Adding address to whitelist: 127.0.0.1 (rpc-server.c:971)
[2018-08-22 18:35:46.468] RPC Server Adding address to whitelist: 192.168.*.* (rpc-server.c:971)
[2018-08-22 18:35:46.468] RPC Server Adding address to whitelist: 127.0.0.1 (rpc-server.c:971)
[2018-08-22 18:35:46.468] RPC Server Serving RPC and Web requests on port 127.0.0.1:9091/transmission/ (rpc-server.c:1213)
[2018-08-22 18:35:46.468] RPC Server Password required (rpc-server.c:1220)
[2018-08-22 18:35:46.468] Port Forwarding Stopped (port-forwarding.c:180)
[2018-08-22 18:35:46.468] UDP Failed to set receive buffer: requested 4194304, got 425984 (tr-udp.c:84)
[2018-08-22 18:35:46.468] UDP Please add the line "net.core.rmem_max = 4194304" to /etc/sysctl.conf (tr-udp.c:89)
[2018-08-22 18:35:46.468] UDP Failed to set send buffer: requested 1048576, got 425984 (tr-udp.c:95)
[2018-08-22 18:35:46.468] UDP Please add the line "net.core.wmem_max = 1048576" to /etc/sysctl.conf (tr-udp.c:100)
[2018-08-22 18:35:46.468] DHT Reusing old id (tr-dht.c:307)
[2018-08-22 18:35:46.468] DHT Bootstrapping from 83 IPv4 nodes (tr-dht.c:156)
[2018-08-22 18:35:46.468] Using settings from "/data/transmission-home" (daemon.c:528)
[2018-08-22 18:35:46.468] Saved "/data/transmission-home/settings.json" (variant.c:1266)
[2018-08-22 18:35:46.468] transmission-daemon requiring authentication (daemon.c:554)
[2018-08-22 18:35:46.468] Watching "/data/watch" for new .torrent files (daemon.c:573)
[2018-08-22 18:37:04.710] Saved "/data/transmission-home/settings.json" (variant.c:1266)
[2018-08-22 18:37:04.710] DHT Not saving nodes, DHT not ready (tr-dht.c:359)
[2018-08-22 18:37:04.710] Port Forwarding Stopped (port-forwarding.c:180)
[2018-08-22 18:37:06.098] Transmission 2.94 (d8e60ee44f) started (session.c:740)
[2018-08-22 18:37:06.098] RPC Server Adding address to whitelist: 127.0.0.1 (rpc-server.c:971)
[2018-08-22 18:37:06.098] RPC Server Adding address to whitelist: 192.168.*.* (rpc-server.c:971)
[2018-08-22 18:37:06.098] RPC Server Adding address to whitelist: 127.0.0.1 (rpc-server.c:971)
[2018-08-22 18:37:06.098] RPC Server Serving RPC and Web requests on port 127.0.0.1:9091/transmission/ (rpc-server.c:1213)
[2018-08-22 18:37:06.098] RPC Server Password required (rpc-server.c:1220)
[2018-08-22 18:37:06.098] Port Forwarding Stopped (port-forwarding.c:180)
[2018-08-22 18:37:06.098] UDP Failed to set receive buffer: requested 4194304, got 425984 (tr-udp.c:84)
[2018-08-22 18:37:06.098] UDP Please add the line "net.core.rmem_max = 4194304" to /etc/sysctl.conf (tr-udp.c:89)
[2018-08-22 18:37:06.098] UDP Failed to set send buffer: requested 1048576, got 425984 (tr-udp.c:95)
[2018-08-22 18:37:06.098] UDP Please add the line "net.core.wmem_max = 1048576" to /etc/sysctl.conf (tr-udp.c:100)
[2018-08-22 18:37:06.098] DHT Reusing old id (tr-dht.c:307)
[2018-08-22 18:37:06.098] DHT Bootstrapping from 83 IPv4 nodes (tr-dht.c:156)
[2018-08-22 18:37:06.098] Using settings from "/data/transmission-home" (daemon.c:528)
[2018-08-22 18:37:06.098] Saved "/data/transmission-home/settings.json" (variant.c:1266)
[2018-08-22 18:37:06.098] transmission-daemon requiring authentication (daemon.c:554)
[2018-08-22 18:37:06.098] Watching "/data/watch" for new .torrent files (daemon.c:573)
[2018-08-22 18:44:19.592] Transmission 2.94 (d8e60ee44f) started (session.c:740)
[2018-08-22 18:44:19.918] RPC Server Adding address to whitelist: 127.0.0.1 (rpc-server.c:971)
[2018-08-22 18:44:19.918] RPC Server Adding address to whitelist: 192.168.*.* (rpc-server.c:971)
[2018-08-22 18:44:19.918] RPC Server Adding address to whitelist: 127.0.0.1 (rpc-server.c:971)
[2018-08-22 18:44:19.918] RPC Server Serving RPC and Web requests on port 127.0.0.1:9091/transmission/ (rpc-server.c:1213)
[2018-08-22 18:44:19.918] RPC Server Password required (rpc-server.c:1220)
[2018-08-22 18:44:19.918] Port Forwarding Stopped (port-forwarding.c:180)
[2018-08-22 18:44:19.918] UDP Failed to set receive buffer: requested 4194304, got 425984 (tr-udp.c:84)
[2018-08-22 18:44:19.918] UDP Please add the line "net.core.rmem_max = 4194304" to /etc/sysctl.conf (tr-udp.c:89)
[2018-08-22 18:44:19.918] UDP Failed to set send buffer: requested 1048576, got 425984 (tr-udp.c:95)
[2018-08-22 18:44:19.918] UDP Please add the line "net.core.wmem_max = 1048576" to /etc/sysctl.conf (tr-udp.c:100)
[2018-08-22 18:44:19.918] DHT Reusing old id (tr-dht.c:307)
[2018-08-22 18:44:19.918] DHT Bootstrapping from 83 IPv4 nodes (tr-dht.c:156)
[2018-08-22 18:44:19.918] Using settings from "/data/transmission-home" (daemon.c:528)
[2018-08-22 18:44:19.918] Saved "/data/transmission-home/settings.json" (variant.c:1266)
[2018-08-22 18:44:19.918] transmission-daemon requiring authentication (daemon.c:554)
[2018-08-22 18:44:19.918] Watching "/data/watch" for new .torrent files (daemon.c:573)
[2018-08-22 18:57:25.186] Saved "/data/transmission-home/settings.json" (variant.c:1266)
[2018-08-22 18:57:25.186] DHT Saving 62 (62 + 0) nodes (tr-dht.c:369)
[2018-08-22 18:57:25.186] Saved "/data/transmission-home/dht.dat" (variant.c:1266)
[2018-08-22 18:57:25.186] Port Forwarding Stopped (port-forwarding.c:180)
[2018-08-22 19:00:28.446] Transmission 2.94 (d8e60ee44f) started (session.c:740)
[2018-08-22 19:00:28.446] RPC Server Adding address to whitelist: 127.0.0.1 (rpc-server.c:971)
[2018-08-22 19:00:28.446] RPC Server Adding address to whitelist: 192.168.*.* (rpc-server.c:971)
[2018-08-22 19:00:28.447] RPC Server Adding address to whitelist: 127.0.0.1 (rpc-server.c:971)
[2018-08-22 19:00:28.447] RPC Server Serving RPC and Web requests on port 127.0.0.1:9091/transmission/ (rpc-server.c:1213)
[2018-08-22 19:00:28.447] RPC Server Password required (rpc-server.c:1220)
[2018-08-22 19:00:28.447] Port Forwarding Stopped (port-forwarding.c:180)
[2018-08-22 19:00:28.447] UDP Failed to set receive buffer: requested 4194304, got 425984 (tr-udp.c:84)
[2018-08-22 19:00:28.447] UDP Please add the line "net.core.rmem_max = 4194304" to /etc/sysctl.conf (tr-udp.c:89)
[2018-08-22 19:00:28.447] UDP Failed to set send buffer: requested 1048576, got 425984 (tr-udp.c:95)
[2018-08-22 19:00:28.447] UDP Please add the line "net.core.wmem_max = 1048576" to /etc/sysctl.conf (tr-udp.c:100)
[2018-08-22 19:00:28.447] DHT Reusing old id (tr-dht.c:307)
[2018-08-22 19:00:28.447] DHT Bootstrapping from 62 IPv4 nodes (tr-dht.c:156)
[2018-08-22 19:00:28.447] Using settings from "/data/transmission-home" (daemon.c:528)
[2018-08-22 19:00:28.447] Saved "/data/transmission-home/settings.json" (variant.c:1266)
[2018-08-22 19:00:28.447] transmission-daemon requiring authentication (daemon.c:554)
[2018-08-22 19:00:28.447] Watching "/data/watch" for new .torrent files (daemon.c:573)
[2018-08-22 19:03:53.249] Saved "/data/transmission-home/settings.json" (variant.c:1266)
[2018-08-22 19:03:53.345] DHT Not saving nodes, DHT not ready (tr-dht.c:359)
[2018-08-22 19:03:53.345] Port Forwarding Stopped (port-forwarding.c:180)
[2018-08-22 19:05:44.997] Transmission 2.94 (d8e60ee44f) started (session.c:740)
[2018-08-22 19:05:44.997] RPC Server Adding address to whitelist: 127.0.0.1 (rpc-server.c:971)
[2018-08-22 19:05:44.997] RPC Server Adding address to whitelist: 192.168.*.* (rpc-server.c:971)
[2018-08-22 19:05:44.997] RPC Server Adding address to whitelist: 127.0.0.1 (rpc-server.c:971)
[2018-08-22 19:05:44.997] RPC Server Serving RPC and Web requests on port 127.0.0.1:9091/transmission/ (rpc-server.c:1213)
[2018-08-22 19:05:44.997] RPC Server Password required (rpc-server.c:1220)
[2018-08-22 19:05:44.997] Port Forwarding Stopped (port-forwarding.c:180)
[2018-08-22 19:05:44.997] UDP Failed to set receive buffer: requested 4194304, got 425984 (tr-udp.c:84)
[2018-08-22 19:05:44.997] UDP Please add the line "net.core.rmem_max = 4194304" to /etc/sysctl.conf (tr-udp.c:89)
[2018-08-22 19:05:44.997] UDP Failed to set send buffer: requested 1048576, got 425984 (tr-udp.c:95)
[2018-08-22 19:05:44.997] UDP Please add the line "net.core.wmem_max = 1048576" to /etc/sysctl.conf (tr-udp.c:100)
[2018-08-22 19:05:44.997] DHT Reusing old id (tr-dht.c:307)
[2018-08-22 19:05:44.997] DHT Bootstrapping from 62 IPv4 nodes (tr-dht.c:156)
[2018-08-22 19:05:44.997] Using settings from "/data/transmission-home" (daemon.c:528)
[2018-08-22 19:05:44.997] Saved "/data/transmission-home/settings.json" (variant.c:1266)
[2018-08-22 19:05:44.997] transmission-daemon requiring authentication (daemon.c:554)
[2018-08-22 19:05:44.997] Watching "/data/watch" for new .torrent files (daemon.c:573)
[2018-08-22 19:11:02.393] Saved "/data/transmission-home/settings.json" (variant.c:1266)
[2018-08-22 19:11:02.393] DHT Not saving nodes, DHT not ready (tr-dht.c:359)
[2018-08-22 19:11:02.393] Port Forwarding Stopped (port-forwarding.c:180)
[2018-08-22 19:13:50.674] Transmission 2.94 (d8e60ee44f) started (session.c:740)
[2018-08-22 19:13:50.674] RPC Server Adding address to whitelist: 127.0.0.1 (rpc-server.c:971)
[2018-08-22 19:13:50.674] RPC Server Adding address to whitelist: 192.168.*.* (rpc-server.c:971)
[2018-08-22 19:13:50.674] RPC Server Adding address to whitelist: 127.0.0.1 (rpc-server.c:971)
[2018-08-22 19:13:50.674] RPC Server Serving RPC and Web requests on port 127.0.0.1:9091/transmission/ (rpc-server.c:1213)
[2018-08-22 19:13:50.674] RPC Server Password required (rpc-server.c:1220)
[2018-08-22 19:13:50.674] Port Forwarding Stopped (port-forwarding.c:180)
[2018-08-22 19:13:50.674] UDP Failed to set receive buffer: requested 4194304, got 425984 (tr-udp.c:84)
[2018-08-22 19:13:50.675] UDP Please add the line "net.core.rmem_max = 4194304" to /etc/sysctl.conf (tr-udp.c:89)
[2018-08-22 19:13:50.675] UDP Failed to set send buffer: requested 1048576, got 425984 (tr-udp.c:95)
[2018-08-22 19:13:50.675] UDP Please add the line "net.core.wmem_max = 1048576" to /etc/sysctl.conf (tr-udp.c:100)
[2018-08-22 19:13:50.675] DHT Reusing old id (tr-dht.c:307)
[2018-08-22 19:13:50.675] DHT Bootstrapping from 62 IPv4 nodes (tr-dht.c:156)
[2018-08-22 19:13:50.675] Using settings from "/data/transmission-home" (daemon.c:528)
[2018-08-22 19:13:50.675] Saved "/data/transmission-home/settings.json" (variant.c:1266)
[2018-08-22 19:13:50.675] transmission-daemon requiring authentication (daemon.c:554)
[2018-08-22 19:13:50.675] Watching "/data/watch" for new .torrent files (daemon.c:573)
[2018-08-22 19:17:27.053] Saved "/data/transmission-home/settings.json" (variant.c:1266)
[2018-08-22 19:17:27.291] DHT Not saving nodes, DHT not ready (tr-dht.c:359)
[2018-08-22 19:17:27.291] Port Forwarding Stopped (port-forwarding.c:180)
[2018-08-22 19:19:54.923] Transmission 2.94 (d8e60ee44f) started (session.c:740)
[2018-08-22 19:19:54.923] RPC Server Adding address to whitelist: 127.0.0.1 (rpc-server.c:971)
[2018-08-22 19:19:54.923] RPC Server Adding address to whitelist: 192.168.*.* (rpc-server.c:971)
[2018-08-22 19:19:54.923] RPC Server Adding address to whitelist: 127.0.0.1 (rpc-server.c:971)
[2018-08-22 19:19:54.923] RPC Server Serving RPC and Web requests on port 127.0.0.1:9091/transmission/ (rpc-server.c:1213)
[2018-08-22 19:19:54.923] RPC Server Password required (rpc-server.c:1220)
[2018-08-22 19:19:54.923] Port Forwarding Stopped (port-forwarding.c:180)
[2018-08-22 19:19:54.923] UDP Failed to set receive buffer: requested 4194304, got 425984 (tr-udp.c:84)
[2018-08-22 19:19:54.923] UDP Please add the line "net.core.rmem_max = 4194304" to /etc/sysctl.conf (tr-udp.c:89)
[2018-08-22 19:19:54.923] UDP Failed to set send buffer: requested 1048576, got 425984 (tr-udp.c:95)
[2018-08-22 19:19:54.923] UDP Please add the line "net.core.wmem_max = 1048576" to /etc/sysctl.conf (tr-udp.c:100)
[2018-08-22 19:19:54.923] DHT Reusing old id (tr-dht.c:307)
[2018-08-22 19:19:54.923] DHT Bootstrapping from 62 IPv4 nodes (tr-dht.c:156)
[2018-08-22 19:19:54.923] Using settings from "/data/transmission-home" (daemon.c:528)
[2018-08-22 19:19:54.923] Saved "/data/transmission-home/settings.json" (variant.c:1266)
[2018-08-22 19:19:54.923] transmission-daemon requiring authentication (daemon.c:554)
[2018-08-22 19:19:54.923] Watching "/data/watch" for new .torrent files (daemon.c:573)
[2018-08-22 21:44:35.227] Saved "/data/transmission-home/settings.json" (variant.c:1266)
[2018-08-22 21:44:35.509] DHT Saving 119 (119 + 0) nodes (tr-dht.c:369)
[2018-08-22 21:44:35.677] Saved "/data/transmission-home/dht.dat" (variant.c:1266)
[2018-08-22 21:44:35.677] Port Forwarding Stopped (port-forwarding.c:180)
[2018-08-23 20:04:29.385] Transmission 2.94 (d8e60ee44f) started (session.c:740)
[2018-08-23 20:04:29.826] RPC Server Adding address to whitelist: 127.0.0.1 (rpc-server.c:971)
[2018-08-23 20:04:29.826] RPC Server Adding address to whitelist: 192.168.*.* (rpc-server.c:971)
[2018-08-23 20:04:29.826] RPC Server Adding address to whitelist: 127.0.0.1 (rpc-server.c:971)
[2018-08-23 20:04:29.826] RPC Server Serving RPC and Web requests on port 127.0.0.1:9091/transmission/ (rpc-server.c:1213)
[2018-08-23 20:04:29.826] RPC Server Password required (rpc-server.c:1220)
[2018-08-23 20:04:29.826] Port Forwarding Stopped (port-forwarding.c:180)
[2018-08-23 20:04:29.826] UDP Failed to set receive buffer: requested 4194304, got 425984 (tr-udp.c:84)
[2018-08-23 20:04:29.826] UDP Please add the line "net.core.rmem_max = 4194304" to /etc/sysctl.conf (tr-udp.c:89)
[2018-08-23 20:04:29.826] UDP Failed to set send buffer: requested 1048576, got 425984 (tr-udp.c:95)
[2018-08-23 20:04:29.826] UDP Please add the line "net.core.wmem_max = 1048576" to /etc/sysctl.conf (tr-udp.c:100)
[2018-08-23 20:04:29.826] DHT Reusing old id (tr-dht.c:307)
[2018-08-23 20:04:29.826] DHT Bootstrapping from 119 IPv4 nodes (tr-dht.c:156)
[2018-08-23 20:04:29.826] Using settings from "/data/transmission-home" (daemon.c:528)
[2018-08-23 20:04:29.826] Saved "/data/transmission-home/settings.json" (variant.c:1266)
[2018-08-23 20:04:29.826] transmission-daemon requiring authentication (daemon.c:554)
[2018-08-23 20:04:29.826] Watching "/data/watch" for new .torrent files (daemon.c:573)
[2018-08-23 22:01:15.850] Saved "/data/transmission-home/settings.json" (variant.c:1266)
[2018-08-23 22:01:16.596] DHT Saving 70 (70 + 0) nodes (tr-dht.c:369)
[2018-08-23 22:01:16.596] Saved "/data/transmission-home/dht.dat" (variant.c:1266)
[2018-08-23 22:01:16.596] Port Forwarding Stopped (port-forwarding.c:180)
[2018-08-27 18:41:16.752] Transmission 2.94 (d8e60ee44f) started (session.c:740)
[2018-08-27 18:41:16.963] RPC Server Adding address to whitelist: 127.0.0.1 (rpc-server.c:971)
[2018-08-27 18:41:16.963] RPC Server Adding address to whitelist: 192.168.*.* (rpc-server.c:971)
[2018-08-27 18:41:16.963] RPC Server Adding address to whitelist: 127.0.0.1 (rpc-server.c:971)
[2018-08-27 18:41:16.963] RPC Server Serving RPC and Web requests on port 127.0.0.1:9091/transmission/ (rpc-server.c:1213)
[2018-08-27 18:41:16.963] RPC Server Password required (rpc-server.c:1220)
[2018-08-27 18:41:16.963] Port Forwarding Stopped (port-forwarding.c:180)
[2018-08-27 18:41:16.963] UDP Failed to set receive buffer: requested 4194304, got 425984 (tr-udp.c:84)
[2018-08-27 18:41:16.963] UDP Please add the line "net.core.rmem_max = 4194304" to /etc/sysctl.conf (tr-udp.c:89)
[2018-08-27 18:41:16.963] UDP Failed to set send buffer: requested 1048576, got 425984 (tr-udp.c:95)
[2018-08-27 18:41:16.963] UDP Please add the line "net.core.wmem_max = 1048576" to /etc/sysctl.conf (tr-udp.c:100)
[2018-08-27 18:41:16.963] DHT Reusing old id (tr-dht.c:307)
[2018-08-27 18:41:16.963] DHT Bootstrapping from 70 IPv4 nodes (tr-dht.c:156)
[2018-08-27 18:41:16.963] Using settings from "/data/transmission-home" (daemon.c:528)
[2018-08-27 18:41:16.963] Saved "/data/transmission-home/settings.json" (variant.c:1266)
[2018-08-27 18:41:16.963] transmission-daemon requiring authentication (daemon.c:554)
[2018-08-27 18:41:16.963] Watching "/data/watch" for new .torrent files (daemon.c:573)
[2018-08-27 19:37:32.680] Transmission 2.94 (d8e60ee44f) started (session.c:740)
[2018-08-27 19:37:32.997] RPC Server Adding address to whitelist: 127.0.0.1 (rpc-server.c:971)
[2018-08-27 19:37:32.997] RPC Server Adding address to whitelist: 192.168.*.* (rpc-server.c:971)
[2018-08-27 19:37:32.997] RPC Server Adding address to whitelist: 127.0.0.1 (rpc-server.c:971)
[2018-08-27 19:37:32.997] RPC Server Serving RPC and Web requests on port 127.0.0.1:9091/transmission/ (rpc-server.c:1213)
[2018-08-27 19:37:32.997] RPC Server Password required (rpc-server.c:1220)
[2018-08-27 19:37:32.997] Port Forwarding Stopped (port-forwarding.c:180)
[2018-08-27 19:37:32.997] UDP Failed to set receive buffer: requested 4194304, got 425984 (tr-udp.c:84)
[2018-08-27 19:37:32.997] UDP Please add the line "net.core.rmem_max = 4194304" to /etc/sysctl.conf (tr-udp.c:89)
[2018-08-27 19:37:32.997] UDP Failed to set send buffer: requested 1048576, got 425984 (tr-udp.c:95)
[2018-08-27 19:37:32.997] UDP Please add the line "net.core.wmem_max = 1048576" to /etc/sysctl.conf (tr-udp.c:100)
[2018-08-27 19:37:32.997] DHT Reusing old id (tr-dht.c:307)
[2018-08-27 19:37:32.997] DHT Bootstrapping from 74 IPv4 nodes (tr-dht.c:156)
[2018-08-27 19:37:32.997] Using settings from "/data/transmission-home" (daemon.c:528)
[2018-08-27 19:37:32.997] Saved "/data/transmission-home/settings.json" (variant.c:1266)
[2018-08-27 19:37:32.997] transmission-daemon requiring authentication (daemon.c:554)
[2018-08-27 19:37:32.997] Watching "/data/watch" for new .torrent files (daemon.c:573)
[2018-08-27 22:08:24.483] Saved "/data/transmission-home/settings.json" (variant.c:1266)
[2018-08-27 22:08:25.241] DHT Saving 81 (81 + 0) nodes (tr-dht.c:369)
[2018-08-27 22:08:25.241] Saved "/data/transmission-home/dht.dat" (variant.c:1266)
[2018-08-27 22:08:25.241] Port Forwarding Stopped (port-forwarding.c:180)
[2018-08-29 19:04:56.097] Transmission 2.94 (d8e60ee44f) started (session.c:740)
[2018-08-29 19:04:57.502] RPC Server Adding address to whitelist: 127.0.0.1 (rpc-server.c:971)
[2018-08-29 19:04:57.502] RPC Server Adding address to whitelist: 192.168.*.* (rpc-server.c:971)
[2018-08-29 19:04:57.502] RPC Server Adding address to whitelist: 127.0.0.1 (rpc-server.c:971)
[2018-08-29 19:04:57.502] RPC Server Serving RPC and Web requests on port 127.0.0.1:9091/transmission/ (rpc-server.c:1213)
[2018-08-29 19:04:57.502] RPC Server Password required (rpc-server.c:1220)
[2018-08-29 19:04:57.502] Port Forwarding Stopped (port-forwarding.c:180)
[2018-08-29 19:04:57.502] UDP Failed to set receive buffer: requested 4194304, got 425984 (tr-udp.c:84)
[2018-08-29 19:04:57.502] UDP Please add the line "net.core.rmem_max = 4194304" to /etc/sysctl.conf (tr-udp.c:89)
[2018-08-29 19:04:57.502] UDP Failed to set send buffer: requested 1048576, got 425984 (tr-udp.c:95)
[2018-08-29 19:04:57.502] UDP Please add the line "net.core.wmem_max = 1048576" to /etc/sysctl.conf (tr-udp.c:100)
[2018-08-29 19:04:57.502] DHT Reusing old id (tr-dht.c:307)
[2018-08-29 19:04:57.502] DHT Bootstrapping from 81 IPv4 nodes (tr-dht.c:156)
[2018-08-29 19:04:57.502] Using settings from "/data/transmission-home" (daemon.c:528)
[2018-08-29 19:04:57.502] Saved "/data/transmission-home/settings.json" (variant.c:1266)
[2018-08-29 19:04:57.502] transmission-daemon requiring authentication (daemon.c:554)
[2018-08-29 19:04:57.502] Watching "/data/watch" for new .torrent files (daemon.c:573)
[2018-08-29 20:04:12.360] Searching for web interface file "/config/.local/share/transmission/web/index.html" (platform.c:430)
[2018-08-29 20:04:12.377] Searching for web interface file "/usr/share/transmission/web/index.html" (platform.c:430)
[2018-08-29 20:33:54.272] Saved "/data/transmission-home/settings.json" (variant.c:1266)
[2018-08-29 20:33:54.272] DHT Saving 117 (117 + 0) nodes (tr-dht.c:369)
[2018-08-29 20:33:54.272] Saved "/data/transmission-home/dht.dat" (variant.c:1266)
[2018-08-29 20:33:54.272] Port Forwarding Stopped (port-forwarding.c:180)
[2018-08-29 20:33:57.094] Transmission 2.94 (d8e60ee44f) started (session.c:740)
[2018-08-29 20:33:57.094] RPC Server Adding address to whitelist: 127.0.0.1 (rpc-server.c:971)
[2018-08-29 20:33:57.094] RPC Server Adding address to whitelist: 192.168.*.* (rpc-server.c:971)
[2018-08-29 20:33:57.094] RPC Server Adding address to whitelist: 127.0.0.1 (rpc-server.c:971)
[2018-08-29 20:33:57.094] RPC Server Serving RPC and Web requests on port 127.0.0.1:9091/transmission/ (rpc-server.c:1213)
[2018-08-29 20:33:57.094] RPC Server Password required (rpc-server.c:1220)
[2018-08-29 20:33:57.094] Port Forwarding Stopped (port-forwarding.c:180)
[2018-08-29 20:33:57.094] UDP Failed to set receive buffer: requested 4194304, got 425984 (tr-udp.c:84)
[2018-08-29 20:33:57.094] UDP Please add the line "net.core.rmem_max = 4194304" to /etc/sysctl.conf (tr-udp.c:89)
[2018-08-29 20:33:57.094] UDP Failed to set send buffer: requested 1048576, got 425984 (tr-udp.c:95)
[2018-08-29 20:33:57.094] UDP Please add the line "net.core.wmem_max = 1048576" to /etc/sysctl.conf (tr-udp.c:100)
[2018-08-29 20:33:57.094] DHT Reusing old id (tr-dht.c:307)
[2018-08-29 20:33:57.094] DHT Bootstrapping from 117 IPv4 nodes (tr-dht.c:156)
[2018-08-29 20:33:57.094] Using settings from "/data/transmission-home" (daemon.c:528)
[2018-08-29 20:33:57.094] Saved "/data/transmission-home/settings.json" (variant.c:1266)
[2018-08-29 20:33:57.094] transmission-daemon requiring authentication (daemon.c:554)
[2018-08-29 20:33:57.094] Watching "/data/watch" for new .torrent files (daemon.c:573)
[2018-08-29 20:37:13.094] Searching for web interface file "/config/.local/share/transmission/web/index.html" (platform.c:430)
[2018-08-29 20:37:13.094] Searching for web interface file "/usr/share/transmission/web/index.html" (platform.c:430)
[2018-08-29 20:46:24.399] Saved "/data/transmission-home/settings.json" (variant.c:1266)
[2018-08-29 20:46:24.399] DHT Saving 53 (53 + 0) nodes (tr-dht.c:369)
[2018-08-29 20:46:24.399] Saved "/data/transmission-home/dht.dat" (variant.c:1266)
[2018-08-29 20:46:24.399] Port Forwarding Stopped (port-forwarding.c:180)
[2018-08-29 20:54:35.504] Transmission 2.94 (d8e60ee44f) started (session.c:740)
[2018-08-29 20:54:35.611] RPC Server Adding address to whitelist: 127.0.0.1 (rpc-server.c:971)
[2018-08-29 20:54:35.611] RPC Server Adding address to whitelist: 192.168.*.* (rpc-server.c:971)
[2018-08-29 20:54:35.611] RPC Server Adding address to whitelist: 127.0.0.1 (rpc-server.c:971)
[2018-08-29 20:54:35.611] RPC Server Serving RPC and Web requests on port 127.0.0.1:9091/transmission/ (rpc-server.c:1213)
[2018-08-29 20:54:35.611] RPC Server Password required (rpc-server.c:1220)
[2018-08-29 20:54:35.611] Port Forwarding Stopped (port-forwarding.c:180)
[2018-08-29 20:54:35.611] UDP Failed to set receive buffer: requested 4194304, got 425984 (tr-udp.c:84)
[2018-08-29 20:54:35.611] UDP Please add the line "net.core.rmem_max = 4194304" to /etc/sysctl.conf (tr-udp.c:89)
[2018-08-29 20:54:35.611] UDP Failed to set send buffer: requested 1048576, got 425984 (tr-udp.c:95)
[2018-08-29 20:54:35.611] UDP Please add the line "net.core.wmem_max = 1048576" to /etc/sysctl.conf (tr-udp.c:100)
[2018-08-29 20:54:35.611] DHT Reusing old id (tr-dht.c:307)
[2018-08-29 20:54:35.611] DHT Bootstrapping from 53 IPv4 nodes (tr-dht.c:156)
[2018-08-29 20:54:35.611] Using settings from "/data/transmission-home" (daemon.c:528)
[2018-08-29 20:54:35.611] Saved "/data/transmission-home/settings.json" (variant.c:1266)
[2018-08-29 20:54:35.611] transmission-daemon requiring authentication (daemon.c:554)
[2018-08-29 20:54:35.611] Watching "/data/watch" for new .torrent files (daemon.c:573)
[2018-08-29 20:59:12.878] Saved "/data/transmission-home/settings.json" (variant.c:1266)
[2018-08-29 20:59:12.879] DHT Not saving nodes, DHT not ready (tr-dht.c:359)
[2018-08-29 20:59:12.879] Port Forwarding Stopped (port-forwarding.c:180)
[2018-08-29 21:00:20.324] Transmission 2.94 (d8e60ee44f) started (session.c:740)
[2018-08-29 21:00:20.324] RPC Server Adding address to whitelist: 127.0.0.1 (rpc-server.c:971)
[2018-08-29 21:00:20.324] RPC Server Adding address to whitelist: 192.168.*.* (rpc-server.c:971)
[2018-08-29 21:00:20.324] RPC Server Adding address to whitelist: 127.0.0.1 (rpc-server.c:971)
[2018-08-29 21:00:20.324] RPC Server Serving RPC and Web requests on port 127.0.0.1:9091/transmission/ (rpc-server.c:1213)
[2018-08-29 21:00:20.324] RPC Server Password required (rpc-server.c:1220)
[2018-08-29 21:00:20.324] Port Forwarding Stopped (port-forwarding.c:180)
[2018-08-29 21:00:20.324] UDP Failed to set receive buffer: requested 4194304, got 425984 (tr-udp.c:84)
[2018-08-29 21:00:20.324] UDP Please add the line "net.core.rmem_max = 4194304" to /etc/sysctl.conf (tr-udp.c:89)
[2018-08-29 21:00:20.324] UDP Failed to set send buffer: requested 1048576, got 425984 (tr-udp.c:95)
[2018-08-29 21:00:20.324] UDP Please add the line "net.core.wmem_max = 1048576" to /etc/sysctl.conf (tr-udp.c:100)
[2018-08-29 21:00:20.324] DHT Reusing old id (tr-dht.c:307)
[2018-08-29 21:00:20.324] DHT Bootstrapping from 53 IPv4 nodes (tr-dht.c:156)
[2018-08-29 21:00:20.324] Using settings from "/data/transmission-home" (daemon.c:528)
[2018-08-29 21:00:20.324] Saved "/data/transmission-home/settings.json" (variant.c:1266)
[2018-08-29 21:00:20.324] transmission-daemon requiring authentication (daemon.c:554)
[2018-08-29 21:00:20.324] Watching "/data/watch" for new .torrent files (daemon.c:573)
[2018-08-29 21:01:32.574] Saved "/data/transmission-home/settings.json" (variant.c:1266)
[2018-08-29 21:01:32.574] DHT Not saving nodes, DHT not ready (tr-dht.c:359)
[2018-08-29 21:01:32.574] Port Forwarding Stopped (port-forwarding.c:180)
[2018-08-29 21:01:34.714] Transmission 2.94 (d8e60ee44f) started (session.c:740)
[2018-08-29 21:01:34.714] RPC Server Adding address to whitelist: 127.0.0.1 (rpc-server.c:971)
[2018-08-29 21:01:34.714] RPC Server Adding address to whitelist: 192.168.*.* (rpc-server.c:971)
[2018-08-29 21:01:34.714] RPC Server Adding address to whitelist: 127.0.0.1 (rpc-server.c:971)
[2018-08-29 21:01:34.714] RPC Server Serving RPC and Web requests on port 127.0.0.1:9091/transmission/ (rpc-server.c:1213)
[2018-08-29 21:01:34.714] RPC Server Password required (rpc-server.c:1220)
[2018-08-29 21:01:34.714] Port Forwarding Stopped (port-forwarding.c:180)
[2018-08-29 21:01:34.714] UDP Failed to set receive buffer: requested 4194304, got 425984 (tr-udp.c:84)
[2018-08-29 21:01:34.714] UDP Please add the line "net.core.rmem_max = 4194304" to /etc/sysctl.conf (tr-udp.c:89)
[2018-08-29 21:01:34.714] UDP Failed to set send buffer: requested 1048576, got 425984 (tr-udp.c:95)
[2018-08-29 21:01:34.714] UDP Please add the line "net.core.wmem_max = 1048576" to /etc/sysctl.conf (tr-udp.c:100)
[2018-08-29 21:01:34.714] DHT Reusing old id (tr-dht.c:307)
[2018-08-29 21:01:34.714] DHT Bootstrapping from 53 IPv4 nodes (tr-dht.c:156)
[2018-08-29 21:01:34.714] Using settings from "/data/transmission-home" (daemon.c:528)
[2018-08-29 21:01:34.714] Saved "/data/transmission-home/settings.json" (variant.c:1266)
[2018-08-29 21:01:34.714] transmission-daemon requiring authentication (daemon.c:554)
[2018-08-29 21:01:34.714] Watching "/data/watch" for new .torrent files (daemon.c:573)
[2018-08-29 21:14:54.874] Transmission 2.94 (d8e60ee44f) started (session.c:740)
[2018-08-29 21:14:54.875] RPC Server Adding address to whitelist: 127.0.0.1 (rpc-server.c:971)
[2018-08-29 21:14:54.875] RPC Server Adding address to whitelist: 192.168.*.* (rpc-server.c:971)
[2018-08-29 21:14:54.875] RPC Server Adding address to whitelist: 127.0.0.1 (rpc-server.c:971)
[2018-08-29 21:14:54.875] RPC Server Serving RPC and Web requests on port 127.0.0.1:9091/transmission/ (rpc-server.c:1213)
[2018-08-29 21:14:54.875] RPC Server Password required (rpc-server.c:1220)
[2018-08-29 21:14:54.875] Port Forwarding Stopped (port-forwarding.c:180)
[2018-08-29 21:14:54.875] UDP Failed to set receive buffer: requested 4194304, got 425984 (tr-udp.c:84)
[2018-08-29 21:14:54.875] UDP Please add the line "net.core.rmem_max = 4194304" to /etc/sysctl.conf (tr-udp.c:89)
[2018-08-29 21:14:54.875] UDP Failed to set send buffer: requested 1048576, got 425984 (tr-udp.c:95)
[2018-08-29 21:14:54.875] UDP Please add the line "net.core.wmem_max = 1048576" to /etc/sysctl.conf (tr-udp.c:100)
[2018-08-29 21:14:54.875] DHT Reusing old id (tr-dht.c:307)
[2018-08-29 21:14:55.051] DHT Bootstrapping from 53 IPv4 nodes (tr-dht.c:156)
[2018-08-29 21:14:55.223] Using settings from "/data/transmission-home" (daemon.c:528)
[2018-08-29 21:14:55.223] Saved "/data/transmission-home/settings.json" (variant.c:1266)
[2018-08-29 21:14:55.223] transmission-daemon requiring authentication (daemon.c:554)
[2018-08-29 21:14:55.223] Watching "/data/watch" for new .torrent files (daemon.c:573)
[2018-08-29 21:16:42.123] Saved "/data/transmission-home/settings.json" (variant.c:1266)
[2018-08-29 21:16:42.123] DHT Not saving nodes, DHT not ready (tr-dht.c:359)
[2018-08-29 21:16:42.123] Port Forwarding Stopped (port-forwarding.c:180)
[2018-08-29 21:16:43.676] Transmission 2.94 (d8e60ee44f) started (session.c:740)
[2018-08-29 21:16:43.677] RPC Server Adding address to whitelist: 127.0.0.1 (rpc-server.c:971)
[2018-08-29 21:16:43.677] RPC Server Adding address to whitelist: 192.168.*.* (rpc-server.c:971)
[2018-08-29 21:16:43.677] RPC Server Adding address to whitelist: 127.0.0.1 (rpc-server.c:971)
[2018-08-29 21:16:43.677] RPC Server Serving RPC and Web requests on port 127.0.0.1:9091/transmission/ (rpc-server.c:1213)
[2018-08-29 21:16:43.677] RPC Server Password required (rpc-server.c:1220)
[2018-08-29 21:16:43.677] Port Forwarding Stopped (port-forwarding.c:180)
[2018-08-29 21:16:43.677] UDP Failed to set receive buffer: requested 4194304, got 425984 (tr-udp.c:84)
[2018-08-29 21:16:43.677] UDP Please add the line "net.core.rmem_max = 4194304" to /etc/sysctl.conf (tr-udp.c:89)
[2018-08-29 21:16:43.677] UDP Failed to set send buffer: requested 1048576, got 425984 (tr-udp.c:95)
[2018-08-29 21:16:43.677] UDP Please add the line "net.core.wmem_max = 1048576" to /etc/sysctl.conf (tr-udp.c:100)
[2018-08-29 21:16:43.677] DHT Reusing old id (tr-dht.c:307)
[2018-08-29 21:16:43.677] DHT Bootstrapping from 53 IPv4 nodes (tr-dht.c:156)
[2018-08-29 21:16:43.677] Using settings from "/data/transmission-home" (daemon.c:528)
[2018-08-29 21:16:43.677] Saved "/data/transmission-home/settings.json" (variant.c:1266)
[2018-08-29 21:16:43.677] transmission-daemon requiring authentication (daemon.c:554)
[2018-08-29 21:16:43.677] Watching "/data/watch" for new .torrent files (daemon.c:573)
[2018-08-29 21:20:22.393] Transmission 2.94 (d8e60ee44f) started (session.c:740)
[2018-08-29 21:20:22.393] RPC Server Adding address to whitelist: 127.0.0.1 (rpc-server.c:971)
[2018-08-29 21:20:22.393] RPC Server Adding address to whitelist: 192.168.*.* (rpc-server.c:971)
[2018-08-29 21:20:22.393] RPC Server Adding address to whitelist: 127.0.0.1 (rpc-server.c:971)
[2018-08-29 21:20:22.393] RPC Server Serving RPC and Web requests on port 127.0.0.1:9091/transmission/ (rpc-server.c:1213)
[2018-08-29 21:20:22.393] RPC Server Password required (rpc-server.c:1220)
[2018-08-29 21:20:22.393] Port Forwarding Stopped (port-forwarding.c:180)
[2018-08-29 21:20:22.393] UDP Failed to set receive buffer: requested 4194304, got 425984 (tr-udp.c:84)
[2018-08-29 21:20:22.393] UDP Please add the line "net.core.rmem_max = 4194304" to /etc/sysctl.conf (tr-udp.c:89)
[2018-08-29 21:20:22.393] UDP Failed to set send buffer: requested 1048576, got 425984 (tr-udp.c:95)
[2018-08-29 21:20:22.393] UDP Please add the line "net.core.wmem_max = 1048576" to /etc/sysctl.conf (tr-udp.c:100)
[2018-08-29 21:20:22.393] DHT Reusing old id (tr-dht.c:307)
[2018-08-29 21:20:22.393] DHT Bootstrapping from 53 IPv4 nodes (tr-dht.c:156)
[2018-08-29 21:20:22.393] Using settings from "/data/transmission-home" (daemon.c:528)
[2018-08-29 21:20:22.393] Saved "/data/transmission-home/settings.json" (variant.c:1266)
[2018-08-29 21:20:22.393] transmission-daemon requiring authentication (daemon.c:554)
[2018-08-29 21:20:22.393] Watching "/data/watch" for new .torrent files (daemon.c:573)
[2018-08-29 21:22:51.673] Transmission 2.94 (d8e60ee44f) started (session.c:740)
[2018-08-29 21:22:51.673] RPC Server Adding address to whitelist: 127.0.0.1 (rpc-server.c:971)
[2018-08-29 21:22:51.673] RPC Server Adding address to whitelist: 192.168.*.* (rpc-server.c:971)
[2018-08-29 21:22:51.673] RPC Server Adding address to whitelist: 127.0.0.1 (rpc-server.c:971)
[2018-08-29 21:22:51.673] RPC Server Serving RPC and Web requests on port 127.0.0.1:9091/transmission/ (rpc-server.c:1213)
[2018-08-29 21:22:51.673] RPC Server Password required (rpc-server.c:1220)
[2018-08-29 21:22:51.673] Port Forwarding Stopped (port-forwarding.c:180)
[2018-08-29 21:22:51.673] UDP Failed to set receive buffer: requested 4194304, got 425984 (tr-udp.c:84)
[2018-08-29 21:22:51.673] UDP Please add the line "net.core.rmem_max = 4194304" to /etc/sysctl.conf (tr-udp.c:89)
[2018-08-29 21:22:51.673] UDP Failed to set send buffer: requested 1048576, got 425984 (tr-udp.c:95)
[2018-08-29 21:22:51.673] UDP Please add the line "net.core.wmem_max = 1048576" to /etc/sysctl.conf (tr-udp.c:100)
[2018-08-29 21:22:51.673] DHT Reusing old id (tr-dht.c:307)
[2018-08-29 21:22:51.673] DHT Bootstrapping from 53 IPv4 nodes (tr-dht.c:156)
[2018-08-29 21:22:51.673] Using settings from "/data/transmission-home" (daemon.c:528)
[2018-08-29 21:22:51.673] Saved "/data/transmission-home/settings.json" (variant.c:1266)
[2018-08-29 21:22:51.673] transmission-daemon requiring authentication (daemon.c:554)
[2018-08-29 21:22:51.673] Watching "/data/watch" for new .torrent files (daemon.c:573)
[2018-08-29 21:26:01.492] Transmission 2.94 (d8e60ee44f) started (session.c:740)
[2018-08-29 21:26:01.492] RPC Server Adding address to whitelist: 127.0.0.1 (rpc-server.c:971)
[2018-08-29 21:26:01.492] RPC Server Adding address to whitelist: 192.168.*.* (rpc-server.c:971)
[2018-08-29 21:26:01.492] RPC Server Adding address to whitelist: 127.0.0.1 (rpc-server.c:971)
[2018-08-29 21:26:01.492] RPC Server Serving RPC and Web requests on port 127.0.0.1:9091/transmission/ (rpc-server.c:1213)
[2018-08-29 21:26:01.492] RPC Server Password required (rpc-server.c:1220)
[2018-08-29 21:26:01.492] Port Forwarding Stopped (port-forwarding.c:180)
[2018-08-29 21:26:01.492] UDP Failed to set receive buffer: requested 4194304, got 425984 (tr-udp.c:84)
[2018-08-29 21:26:01.492] UDP Please add the line "net.core.rmem_max = 4194304" to /etc/sysctl.conf (tr-udp.c:89)
[2018-08-29 21:26:01.492] UDP Failed to set send buffer: requested 1048576, got 425984 (tr-udp.c:95)
[2018-08-29 21:26:01.492] UDP Please add the line "net.core.wmem_max = 1048576" to /etc/sysctl.conf (tr-udp.c:100)
[2018-08-29 21:26:01.492] DHT Reusing old id (tr-dht.c:307)
[2018-08-29 21:26:01.492] DHT Bootstrapping from 53 IPv4 nodes (tr-dht.c:156)
[2018-08-29 21:26:01.492] Using settings from "/data/transmission-home" (daemon.c:528)
[2018-08-29 21:26:01.492] Saved "/data/transmission-home/settings.json" (variant.c:1266)
[2018-08-29 21:26:01.492] transmission-daemon requiring authentication (daemon.c:554)
[2018-08-29 21:26:01.492] Watching "/data/watch" for new .torrent files (daemon.c:573)
[2018-08-29 21:32:32.774] Saved "/data/transmission-home/settings.json" (variant.c:1266)
[2018-08-30 18:45:12.166] Transmission 2.94 (d8e60ee44f) started (session.c:740)
[2018-08-30 18:45:12.421] RPC Server Adding address to whitelist: 127.0.0.1 (rpc-server.c:971)
[2018-08-30 18:45:12.421] RPC Server Adding address to whitelist: 192.168.*.* (rpc-server.c:971)
[2018-08-30 18:45:12.421] RPC Server Adding address to whitelist: 127.0.0.1 (rpc-server.c:971)
[2018-08-30 18:45:12.421] RPC Server Serving RPC and Web requests on port 127.0.0.1:9091/transmission/ (rpc-server.c:1213)
[2018-08-30 18:45:12.421] RPC Server Password required (rpc-server.c:1220)
[2018-08-30 18:45:12.421] Port Forwarding Stopped (port-forwarding.c:180)
[2018-08-30 18:45:12.421] UDP Failed to set receive buffer: requested 4194304, got 425984 (tr-udp.c:84)
[2018-08-30 18:45:12.421] UDP Please add the line "net.core.rmem_max = 4194304" to /etc/sysctl.conf (tr-udp.c:89)
[2018-08-30 18:45:12.421] UDP Failed to set send buffer: requested 1048576, got 425984 (tr-udp.c:95)
[2018-08-30 18:45:12.421] UDP Please add the line "net.core.wmem_max = 1048576" to /etc/sysctl.conf (tr-udp.c:100)
[2018-08-30 18:45:12.421] DHT Reusing old id (tr-dht.c:307)
[2018-08-30 18:45:12.421] DHT Bootstrapping from 53 IPv4 nodes (tr-dht.c:156)
[2018-08-30 18:45:12.421] Using settings from "/data/transmission-home" (daemon.c:528)
[2018-08-30 18:45:12.421] Saved "/data/transmission-home/settings.json" (variant.c:1266)
[2018-08-30 18:45:12.421] transmission-daemon requiring authentication (daemon.c:554)
[2018-08-30 18:45:12.421] Watching "/data/watch" for new .torrent files (daemon.c:573)
[2018-08-30 18:53:34.298] Transmission 2.94 (d8e60ee44f) started (session.c:740)
[2018-08-30 18:53:34.299] RPC Server Adding address to whitelist: 127.0.0.1 (rpc-server.c:971)
[2018-08-30 18:53:34.299] RPC Server Adding address to whitelist: 192.168.*.* (rpc-server.c:971)
[2018-08-30 18:53:34.299] RPC Server Adding address to whitelist: 127.0.0.1 (rpc-server.c:971)
[2018-08-30 18:53:34.299] RPC Server Serving RPC and Web requests on port 127.0.0.1:9091/transmission/ (rpc-server.c:1213)
[2018-08-30 18:53:34.299] RPC Server Password required (rpc-server.c:1220)
[2018-08-30 18:53:34.299] Port Forwarding Stopped (port-forwarding.c:180)
[2018-08-30 18:53:34.299] UDP Failed to set receive buffer: requested 4194304, got 425984 (tr-udp.c:84)
[2018-08-30 18:53:34.299] UDP Please add the line "net.core.rmem_max = 4194304" to /etc/sysctl.conf (tr-udp.c:89)
[2018-08-30 18:53:34.299] UDP Failed to set send buffer: requested 1048576, got 425984 (tr-udp.c:95)
[2018-08-30 18:53:34.299] UDP Please add the line "net.core.wmem_max = 1048576" to /etc/sysctl.conf (tr-udp.c:100)
[2018-08-30 18:53:34.299] DHT Reusing old id (tr-dht.c:307)
[2018-08-30 18:53:34.299] DHT Bootstrapping from 53 IPv4 nodes (tr-dht.c:156)
[2018-08-30 18:53:34.299] Using settings from "/data/transmission-home" (daemon.c:528)
[2018-08-30 18:53:34.299] Saved "/data/transmission-home/settings.json" (variant.c:1266)
[2018-08-30 18:53:34.299] transmission-daemon requiring authentication (daemon.c:554)
[2018-08-30 18:53:34.299] Watching "/data/watch" for new .torrent files (daemon.c:573)
[2018-08-30 19:05:51.299] DHT Attempting bootstrap from dht.transmissionbt.com (tr-dht.c:249)
