03-Aug-2018 14:20:46 - INFO    :: MainThread : Checking to see if the database has all tables....
03-Aug-2018 14:21:21 - INFO    :: MainThread : Retrieving latest version information from GitHub
03-Aug-2018 14:21:21 - INFO    :: MainThread : Headphones is up to date
03-Aug-2018 14:21:21 - INFO    :: MainThread : Starting Headphones web server on http://0.0.0.0:8181/
03-Aug-2018 14:21:24 - INFO    :: MainThread : Scheduled background task: Search for Wanted
03-Aug-2018 14:21:24 - INFO    :: MainThread : Scheduled background task: Download Scan
03-Aug-2018 14:21:24 - INFO    :: MainThread : Scheduled background task: Library Scan
03-Aug-2018 14:21:24 - INFO    :: MainThread : Scheduled background task: MusicBrainz Update
03-Aug-2018 14:21:24 - INFO    :: MainThread : Scheduled background task: Check GitHub for updates
03-Aug-2018 14:36:40 - INFO    :: MainThread : Signal 15 caught, saving and exiting...
03-Aug-2018 14:36:40 - INFO    :: MainThread : Writing configuration to file
03-Aug-2018 14:36:40 - INFO    :: MainThread : Headphones is shutting down...
06-Aug-2018 17:47:35 - INFO    :: MainThread : Checking to see if the database has all tables....
06-Aug-2018 17:47:37 - INFO    :: MainThread : Retrieving latest version information from GitHub
06-Aug-2018 17:47:38 - INFO    :: MainThread : Headphones is up to date
06-Aug-2018 17:47:38 - INFO    :: MainThread : Starting Headphones web server on http://0.0.0.0:8181/
06-Aug-2018 17:47:40 - INFO    :: MainThread : Scheduled background task: Search for Wanted
06-Aug-2018 17:47:40 - INFO    :: MainThread : Scheduled background task: Download Scan
06-Aug-2018 17:47:40 - INFO    :: MainThread : Scheduled background task: Library Scan
06-Aug-2018 17:47:40 - INFO    :: MainThread : Scheduled background task: MusicBrainz Update
06-Aug-2018 17:47:40 - INFO    :: MainThread : Scheduled background task: Check GitHub for updates
06-Aug-2018 20:20:44 - INFO    :: MainThread : Signal 15 caught, saving and exiting...
06-Aug-2018 20:20:46 - INFO    :: MainThread : Writing configuration to file
06-Aug-2018 20:20:46 - INFO    :: MainThread : Headphones is shutting down...
06-Aug-2018 20:41:13 - INFO    :: MainThread : Checking to see if the database has all tables....
06-Aug-2018 20:41:13 - INFO    :: MainThread : Retrieving latest version information from GitHub
06-Aug-2018 20:41:13 - INFO    :: MainThread : Headphones is up to date
06-Aug-2018 20:41:13 - INFO    :: MainThread : Starting Headphones web server on http://0.0.0.0:8181/
06-Aug-2018 20:41:14 - INFO    :: MainThread : Scheduled background task: Search for Wanted
06-Aug-2018 20:41:14 - INFO    :: MainThread : Scheduled background task: Download Scan
06-Aug-2018 20:41:14 - INFO    :: MainThread : Scheduled background task: Library Scan
06-Aug-2018 20:41:14 - INFO    :: MainThread : Scheduled background task: MusicBrainz Update
06-Aug-2018 20:41:14 - INFO    :: MainThread : Scheduled background task: Check GitHub for updates
06-Aug-2018 21:17:08 - INFO    :: MainThread : Signal 15 caught, saving and exiting...
06-Aug-2018 21:17:08 - INFO    :: MainThread : Writing configuration to file
06-Aug-2018 21:17:09 - INFO    :: MainThread : Headphones is shutting down...
08-Aug-2018 18:54:26 - INFO    :: MainThread : Checking to see if the database has all tables....
08-Aug-2018 18:54:27 - INFO    :: MainThread : Retrieving latest version information from GitHub
08-Aug-2018 18:54:28 - INFO    :: MainThread : Headphones is up to date
08-Aug-2018 18:54:28 - INFO    :: MainThread : Starting Headphones web server on http://0.0.0.0:8181/
08-Aug-2018 18:54:31 - INFO    :: MainThread : Scheduled background task: Search for Wanted
08-Aug-2018 18:54:31 - INFO    :: MainThread : Scheduled background task: Download Scan
08-Aug-2018 18:54:31 - INFO    :: MainThread : Scheduled background task: Library Scan
08-Aug-2018 18:54:31 - INFO    :: MainThread : Scheduled background task: MusicBrainz Update
08-Aug-2018 18:54:31 - INFO    :: MainThread : Scheduled background task: Check GitHub for updates
08-Aug-2018 20:59:29 - INFO    :: MainThread : Signal 15 caught, saving and exiting...
08-Aug-2018 20:59:31 - INFO    :: MainThread : Writing configuration to file
08-Aug-2018 20:59:31 - INFO    :: MainThread : Headphones is shutting down...
09-Aug-2018 19:50:15 - INFO    :: MainThread : Checking to see if the database has all tables....
09-Aug-2018 19:50:18 - INFO    :: MainThread : Retrieving latest version information from GitHub
09-Aug-2018 19:50:19 - INFO    :: MainThread : Headphones is up to date
09-Aug-2018 19:50:19 - INFO    :: MainThread : Starting Headphones web server on http://0.0.0.0:8181/
09-Aug-2018 19:50:20 - INFO    :: MainThread : Scheduled background task: Search for Wanted
09-Aug-2018 19:50:20 - INFO    :: MainThread : Scheduled background task: Download Scan
09-Aug-2018 19:50:20 - INFO    :: MainThread : Scheduled background task: Library Scan
09-Aug-2018 19:50:20 - INFO    :: MainThread : Scheduled background task: MusicBrainz Update
09-Aug-2018 19:50:20 - INFO    :: MainThread : Scheduled background task: Check GitHub for updates
09-Aug-2018 20:44:25 - INFO    :: MainThread : Signal 15 caught, saving and exiting...
09-Aug-2018 20:44:31 - INFO    :: MainThread : Writing configuration to file
09-Aug-2018 20:44:31 - INFO    :: MainThread : Headphones is shutting down...
09-Aug-2018 20:49:04 - INFO    :: MainThread : Checking to see if the database has all tables....
09-Aug-2018 20:49:06 - INFO    :: MainThread : Retrieving latest version information from GitHub
09-Aug-2018 20:49:07 - INFO    :: MainThread : Headphones is up to date
09-Aug-2018 20:49:07 - INFO    :: MainThread : Starting Headphones web server on http://0.0.0.0:8181/
09-Aug-2018 20:49:08 - INFO    :: MainThread : Scheduled background task: Search for Wanted
09-Aug-2018 20:49:08 - INFO    :: MainThread : Scheduled background task: Download Scan
09-Aug-2018 20:49:08 - INFO    :: MainThread : Scheduled background task: Library Scan
09-Aug-2018 20:49:08 - INFO    :: MainThread : Scheduled background task: MusicBrainz Update
09-Aug-2018 20:49:08 - INFO    :: MainThread : Scheduled background task: Check GitHub for updates
09-Aug-2018 21:06:20 - INFO    :: MainThread : Signal 15 caught, saving and exiting...
09-Aug-2018 21:06:22 - INFO    :: MainThread : Writing configuration to file
09-Aug-2018 21:06:23 - INFO    :: MainThread : Headphones is shutting down...
14-Aug-2018 18:57:31 - INFO    :: MainThread : Checking to see if the database has all tables....
14-Aug-2018 18:57:34 - INFO    :: MainThread : Retrieving latest version information from GitHub
14-Aug-2018 18:57:35 - INFO    :: MainThread : Headphones is up to date
14-Aug-2018 18:57:35 - INFO    :: MainThread : Starting Headphones web server on http://0.0.0.0:8181/
14-Aug-2018 18:57:38 - INFO    :: MainThread : Scheduled background task: Search for Wanted
14-Aug-2018 18:57:38 - INFO    :: MainThread : Scheduled background task: Download Scan
14-Aug-2018 18:57:38 - INFO    :: MainThread : Scheduled background task: Library Scan
14-Aug-2018 18:57:38 - INFO    :: MainThread : Scheduled background task: MusicBrainz Update
14-Aug-2018 18:57:38 - INFO    :: MainThread : Scheduled background task: Check GitHub for updates
14-Aug-2018 19:13:48 - INFO    :: MainThread : Signal 15 caught, saving and exiting...
14-Aug-2018 19:13:50 - INFO    :: MainThread : Writing configuration to file
14-Aug-2018 19:13:50 - INFO    :: MainThread : Headphones is shutting down...
19-Aug-2018 16:27:31 - INFO    :: MainThread : Checking to see if the database has all tables....
19-Aug-2018 16:27:31 - INFO    :: MainThread : Retrieving latest version information from GitHub
19-Aug-2018 16:27:31 - INFO    :: MainThread : Headphones is up to date
19-Aug-2018 16:27:31 - INFO    :: MainThread : Starting Headphones web server on http://0.0.0.0:8181/
19-Aug-2018 16:27:31 - INFO    :: MainThread : Scheduled background task: Search for Wanted
19-Aug-2018 16:27:31 - INFO    :: MainThread : Scheduled background task: Download Scan
19-Aug-2018 16:27:31 - INFO    :: MainThread : Scheduled background task: Library Scan
19-Aug-2018 16:27:31 - INFO    :: MainThread : Scheduled background task: MusicBrainz Update
19-Aug-2018 16:27:31 - INFO    :: MainThread : Scheduled background task: Check GitHub for updates
19-Aug-2018 18:28:21 - INFO    :: MainThread : Signal 15 caught, saving and exiting...
19-Aug-2018 18:28:22 - INFO    :: MainThread : Writing configuration to file
19-Aug-2018 18:28:22 - INFO    :: MainThread : Headphones is shutting down...
19-Aug-2018 18:39:09 - INFO    :: MainThread : Checking to see if the database has all tables....
19-Aug-2018 18:39:09 - INFO    :: MainThread : Retrieving latest version information from GitHub
19-Aug-2018 18:39:09 - INFO    :: MainThread : Headphones is up to date
19-Aug-2018 18:39:09 - INFO    :: MainThread : Starting Headphones web server on http://0.0.0.0:8181/
19-Aug-2018 18:39:10 - INFO    :: MainThread : Scheduled background task: Search for Wanted
19-Aug-2018 18:39:10 - INFO    :: MainThread : Scheduled background task: Download Scan
19-Aug-2018 18:39:10 - INFO    :: MainThread : Scheduled background task: Library Scan
19-Aug-2018 18:39:10 - INFO    :: MainThread : Scheduled background task: MusicBrainz Update
19-Aug-2018 18:39:10 - INFO    :: MainThread : Scheduled background task: Check GitHub for updates
19-Aug-2018 18:42:30 - INFO    :: MainThread : Signal 15 caught, saving and exiting...
19-Aug-2018 18:42:30 - INFO    :: MainThread : Writing configuration to file
19-Aug-2018 18:42:30 - INFO    :: MainThread : Headphones is shutting down...
19-Aug-2018 18:46:44 - INFO    :: MainThread : Checking to see if the database has all tables....
19-Aug-2018 18:46:44 - INFO    :: MainThread : Retrieving latest version information from GitHub
19-Aug-2018 18:46:45 - INFO    :: MainThread : Headphones is up to date
19-Aug-2018 18:46:45 - INFO    :: MainThread : Starting Headphones web server on http://0.0.0.0:8181/
19-Aug-2018 18:46:45 - INFO    :: MainThread : Scheduled background task: Search for Wanted
19-Aug-2018 18:46:45 - INFO    :: MainThread : Scheduled background task: Download Scan
19-Aug-2018 18:46:45 - INFO    :: MainThread : Scheduled background task: Library Scan
19-Aug-2018 18:46:45 - INFO    :: MainThread : Scheduled background task: MusicBrainz Update
19-Aug-2018 18:46:45 - INFO    :: MainThread : Scheduled background task: Check GitHub for updates
19-Aug-2018 18:59:33 - INFO    :: MainThread : Signal 15 caught, saving and exiting...
19-Aug-2018 18:59:35 - INFO    :: MainThread : Writing configuration to file
19-Aug-2018 18:59:35 - INFO    :: MainThread : Headphones is shutting down...
19-Aug-2018 19:00:28 - INFO    :: MainThread : Checking to see if the database has all tables....
19-Aug-2018 19:00:28 - INFO    :: MainThread : Retrieving latest version information from GitHub
19-Aug-2018 19:00:29 - INFO    :: MainThread : Headphones is up to date
19-Aug-2018 19:00:29 - INFO    :: MainThread : Starting Headphones web server on http://0.0.0.0:8181/
19-Aug-2018 19:00:29 - INFO    :: MainThread : Scheduled background task: Search for Wanted
19-Aug-2018 19:00:29 - INFO    :: MainThread : Scheduled background task: Download Scan
19-Aug-2018 19:00:29 - INFO    :: MainThread : Scheduled background task: Library Scan
19-Aug-2018 19:00:29 - INFO    :: MainThread : Scheduled background task: MusicBrainz Update
19-Aug-2018 19:00:29 - INFO    :: MainThread : Scheduled background task: Check GitHub for updates
19-Aug-2018 19:04:02 - INFO    :: MainThread : Signal 15 caught, saving and exiting...
19-Aug-2018 19:04:03 - INFO    :: MainThread : Writing configuration to file
19-Aug-2018 19:04:03 - INFO    :: MainThread : Headphones is shutting down...
19-Aug-2018 19:11:51 - INFO    :: MainThread : Checking to see if the database has all tables....
19-Aug-2018 19:11:51 - INFO    :: MainThread : Retrieving latest version information from GitHub
19-Aug-2018 19:11:51 - INFO    :: MainThread : Headphones is up to date
19-Aug-2018 19:11:51 - INFO    :: MainThread : Starting Headphones web server on http://0.0.0.0:8181/
19-Aug-2018 19:11:51 - INFO    :: MainThread : Scheduled background task: Search for Wanted
19-Aug-2018 19:11:51 - INFO    :: MainThread : Scheduled background task: Download Scan
19-Aug-2018 19:11:51 - INFO    :: MainThread : Scheduled background task: Library Scan
19-Aug-2018 19:11:51 - INFO    :: MainThread : Scheduled background task: MusicBrainz Update
19-Aug-2018 19:11:51 - INFO    :: MainThread : Scheduled background task: Check GitHub for updates
19-Aug-2018 19:28:34 - INFO    :: MainThread : Signal 15 caught, saving and exiting...
19-Aug-2018 19:28:34 - INFO    :: MainThread : Writing configuration to file
19-Aug-2018 19:28:34 - INFO    :: MainThread : Headphones is shutting down...
19-Aug-2018 19:32:57 - INFO    :: MainThread : Checking to see if the database has all tables....
19-Aug-2018 19:32:57 - INFO    :: MainThread : Retrieving latest version information from GitHub
19-Aug-2018 19:32:57 - INFO    :: MainThread : Headphones is up to date
19-Aug-2018 19:32:57 - INFO    :: MainThread : Starting Headphones web server on http://0.0.0.0:8181/
19-Aug-2018 19:32:57 - INFO    :: MainThread : Scheduled background task: Search for Wanted
19-Aug-2018 19:32:57 - INFO    :: MainThread : Scheduled background task: Download Scan
19-Aug-2018 19:32:57 - INFO    :: MainThread : Scheduled background task: Library Scan
19-Aug-2018 19:32:57 - INFO    :: MainThread : Scheduled background task: MusicBrainz Update
19-Aug-2018 19:32:57 - INFO    :: MainThread : Scheduled background task: Check GitHub for updates
19-Aug-2018 21:52:18 - INFO    :: MainThread : Signal 15 caught, saving and exiting...
19-Aug-2018 21:52:20 - INFO    :: MainThread : Writing configuration to file
19-Aug-2018 21:52:20 - INFO    :: MainThread : Headphones is shutting down...
20-Aug-2018 18:49:01 - INFO    :: MainThread : Checking to see if the database has all tables....
20-Aug-2018 18:49:01 - INFO    :: MainThread : Retrieving latest version information from GitHub
20-Aug-2018 18:49:01 - INFO    :: MainThread : Headphones is up to date
20-Aug-2018 18:49:01 - INFO    :: MainThread : Starting Headphones web server on http://0.0.0.0:8181/
20-Aug-2018 18:49:02 - INFO    :: MainThread : Scheduled background task: Search for Wanted
20-Aug-2018 18:49:02 - INFO    :: MainThread : Scheduled background task: Download Scan
20-Aug-2018 18:49:02 - INFO    :: MainThread : Scheduled background task: Library Scan
20-Aug-2018 18:49:02 - INFO    :: MainThread : Scheduled background task: MusicBrainz Update
20-Aug-2018 18:49:02 - INFO    :: MainThread : Scheduled background task: Check GitHub for updates
20-Aug-2018 18:58:15 - INFO    :: MainThread : Signal 15 caught, saving and exiting...
20-Aug-2018 18:58:15 - INFO    :: MainThread : Writing configuration to file
20-Aug-2018 18:58:15 - INFO    :: MainThread : Headphones is shutting down...
20-Aug-2018 19:03:05 - INFO    :: MainThread : Checking to see if the database has all tables....
20-Aug-2018 19:03:05 - INFO    :: MainThread : Retrieving latest version information from GitHub
20-Aug-2018 19:03:05 - INFO    :: MainThread : Headphones is up to date
20-Aug-2018 19:03:05 - INFO    :: MainThread : Starting Headphones web server on http://0.0.0.0:8181/
20-Aug-2018 19:03:06 - INFO    :: MainThread : Scheduled background task: Search for Wanted
20-Aug-2018 19:03:06 - INFO    :: MainThread : Scheduled background task: Download Scan
20-Aug-2018 19:03:06 - INFO    :: MainThread : Scheduled background task: Library Scan
20-Aug-2018 19:03:06 - INFO    :: MainThread : Scheduled background task: MusicBrainz Update
20-Aug-2018 19:03:06 - INFO    :: MainThread : Scheduled background task: Check GitHub for updates
20-Aug-2018 19:04:22 - INFO    :: MainThread : Signal 15 caught, saving and exiting...
20-Aug-2018 19:04:22 - INFO    :: MainThread : Writing configuration to file
20-Aug-2018 19:04:23 - INFO    :: MainThread : Headphones is shutting down...
20-Aug-2018 19:11:32 - INFO    :: MainThread : Checking to see if the database has all tables....
20-Aug-2018 19:11:32 - INFO    :: MainThread : Retrieving latest version information from GitHub
20-Aug-2018 19:11:33 - INFO    :: MainThread : Headphones is up to date
20-Aug-2018 19:11:33 - INFO    :: MainThread : Starting Headphones web server on http://0.0.0.0:8181/
20-Aug-2018 19:11:33 - INFO    :: MainThread : Scheduled background task: Search for Wanted
20-Aug-2018 19:11:33 - INFO    :: MainThread : Scheduled background task: Download Scan
20-Aug-2018 19:11:33 - INFO    :: MainThread : Scheduled background task: Library Scan
20-Aug-2018 19:11:33 - INFO    :: MainThread : Scheduled background task: MusicBrainz Update
20-Aug-2018 19:11:33 - INFO    :: MainThread : Scheduled background task: Check GitHub for updates
20-Aug-2018 19:13:43 - INFO    :: MainThread : Signal 15 caught, saving and exiting...
20-Aug-2018 19:13:43 - INFO    :: MainThread : Writing configuration to file
20-Aug-2018 19:13:43 - INFO    :: MainThread : Headphones is shutting down...
20-Aug-2018 19:30:06 - INFO    :: MainThread : Checking to see if the database has all tables....
20-Aug-2018 19:30:06 - INFO    :: MainThread : Retrieving latest version information from GitHub
20-Aug-2018 19:30:07 - INFO    :: MainThread : Headphones is up to date
20-Aug-2018 19:30:07 - INFO    :: MainThread : Starting Headphones web server on http://0.0.0.0:8181/
20-Aug-2018 19:30:07 - INFO    :: MainThread : Scheduled background task: Search for Wanted
20-Aug-2018 19:30:07 - INFO    :: MainThread : Scheduled background task: Download Scan
20-Aug-2018 19:30:07 - INFO    :: MainThread : Scheduled background task: Library Scan
20-Aug-2018 19:30:07 - INFO    :: MainThread : Scheduled background task: MusicBrainz Update
20-Aug-2018 19:30:07 - INFO    :: MainThread : Scheduled background task: Check GitHub for updates
20-Aug-2018 19:46:47 - INFO    :: MainThread : Signal 15 caught, saving and exiting...
20-Aug-2018 19:46:48 - INFO    :: MainThread : Writing configuration to file
20-Aug-2018 19:46:48 - INFO    :: MainThread : Headphones is shutting down...
20-Aug-2018 19:50:17 - INFO    :: MainThread : Checking to see if the database has all tables....
20-Aug-2018 19:50:17 - INFO    :: MainThread : Retrieving latest version information from GitHub
20-Aug-2018 19:50:17 - INFO    :: MainThread : Headphones is up to date
20-Aug-2018 19:50:17 - INFO    :: MainThread : Starting Headphones web server on http://0.0.0.0:8181/
20-Aug-2018 19:50:18 - INFO    :: MainThread : Scheduled background task: Search for Wanted
20-Aug-2018 19:50:18 - INFO    :: MainThread : Scheduled background task: Download Scan
20-Aug-2018 19:50:18 - INFO    :: MainThread : Scheduled background task: Library Scan
20-Aug-2018 19:50:18 - INFO    :: MainThread : Scheduled background task: MusicBrainz Update
20-Aug-2018 19:50:18 - INFO    :: MainThread : Scheduled background task: Check GitHub for updates
20-Aug-2018 21:52:57 - INFO    :: MainThread : Signal 15 caught, saving and exiting...
20-Aug-2018 21:52:57 - INFO    :: MainThread : Writing configuration to file
20-Aug-2018 21:53:00 - INFO    :: MainThread : Headphones is shutting down...
21-Aug-2018 18:07:14 - INFO    :: MainThread : Checking to see if the database has all tables....
21-Aug-2018 18:07:16 - INFO    :: MainThread : Retrieving latest version information from GitHub
21-Aug-2018 18:07:16 - INFO    :: MainThread : Headphones is up to date
21-Aug-2018 18:07:16 - INFO    :: MainThread : Starting Headphones web server on http://0.0.0.0:8181/
21-Aug-2018 18:07:17 - INFO    :: MainThread : Scheduled background task: Search for Wanted
21-Aug-2018 18:07:17 - INFO    :: MainThread : Scheduled background task: Download Scan
21-Aug-2018 18:07:17 - INFO    :: MainThread : Scheduled background task: Library Scan
21-Aug-2018 18:07:17 - INFO    :: MainThread : Scheduled background task: MusicBrainz Update
21-Aug-2018 18:07:17 - INFO    :: MainThread : Scheduled background task: Check GitHub for updates
21-Aug-2018 22:18:32 - INFO    :: MainThread : Signal 15 caught, saving and exiting...
21-Aug-2018 22:18:40 - INFO    :: MainThread : Writing configuration to file
21-Aug-2018 22:18:40 - INFO    :: MainThread : Headphones is shutting down...
22-Aug-2018 18:16:26 - INFO    :: MainThread : Checking to see if the database has all tables....
22-Aug-2018 18:16:29 - INFO    :: MainThread : Retrieving latest version information from GitHub
22-Aug-2018 18:16:29 - INFO    :: MainThread : Headphones is up to date
22-Aug-2018 18:16:29 - INFO    :: MainThread : Starting Headphones web server on http://0.0.0.0:8181/
22-Aug-2018 18:16:31 - INFO    :: MainThread : Scheduled background task: Search for Wanted
22-Aug-2018 18:16:31 - INFO    :: MainThread : Scheduled background task: Download Scan
22-Aug-2018 18:16:31 - INFO    :: MainThread : Scheduled background task: Library Scan
22-Aug-2018 18:16:31 - INFO    :: MainThread : Scheduled background task: MusicBrainz Update
22-Aug-2018 18:16:31 - INFO    :: MainThread : Scheduled background task: Check GitHub for updates
22-Aug-2018 18:32:30 - INFO    :: MainThread : Signal 15 caught, saving and exiting...
22-Aug-2018 18:32:31 - INFO    :: MainThread : Writing configuration to file
22-Aug-2018 18:32:31 - INFO    :: MainThread : Headphones is shutting down...
22-Aug-2018 18:38:27 - INFO    :: MainThread : Checking to see if the database has all tables....
22-Aug-2018 18:38:27 - INFO    :: MainThread : Retrieving latest version information from GitHub
22-Aug-2018 18:38:27 - INFO    :: MainThread : Headphones is up to date
22-Aug-2018 18:38:27 - INFO    :: MainThread : Starting Headphones web server on http://0.0.0.0:8181/
22-Aug-2018 18:38:28 - INFO    :: MainThread : Scheduled background task: Search for Wanted
22-Aug-2018 18:38:28 - INFO    :: MainThread : Scheduled background task: Download Scan
22-Aug-2018 18:38:28 - INFO    :: MainThread : Scheduled background task: Library Scan
22-Aug-2018 18:38:28 - INFO    :: MainThread : Scheduled background task: MusicBrainz Update
22-Aug-2018 18:38:28 - INFO    :: MainThread : Scheduled background task: Check GitHub for updates
22-Aug-2018 18:42:37 - INFO    :: MainThread : Signal 15 caught, saving and exiting...
22-Aug-2018 18:42:37 - INFO    :: MainThread : Writing configuration to file
22-Aug-2018 18:42:37 - INFO    :: MainThread : Headphones is shutting down...
22-Aug-2018 18:46:54 - INFO    :: MainThread : Checking to see if the database has all tables....
22-Aug-2018 18:46:54 - INFO    :: MainThread : Retrieving latest version information from GitHub
22-Aug-2018 18:46:55 - INFO    :: MainThread : Headphones is up to date
22-Aug-2018 18:46:55 - INFO    :: MainThread : Starting Headphones web server on http://0.0.0.0:8181/
22-Aug-2018 18:46:55 - INFO    :: MainThread : Scheduled background task: Search for Wanted
22-Aug-2018 18:46:55 - INFO    :: MainThread : Scheduled background task: Download Scan
22-Aug-2018 18:46:55 - INFO    :: MainThread : Scheduled background task: Library Scan
22-Aug-2018 18:46:55 - INFO    :: MainThread : Scheduled background task: MusicBrainz Update
22-Aug-2018 18:46:55 - INFO    :: MainThread : Scheduled background task: Check GitHub for updates
22-Aug-2018 18:57:18 - INFO    :: MainThread : Signal 15 caught, saving and exiting...
22-Aug-2018 18:57:18 - INFO    :: MainThread : Writing configuration to file
22-Aug-2018 18:57:18 - INFO    :: MainThread : Headphones is shutting down...
22-Aug-2018 19:02:47 - INFO    :: MainThread : Checking to see if the database has all tables....
22-Aug-2018 19:02:47 - INFO    :: MainThread : Retrieving latest version information from GitHub
22-Aug-2018 19:02:48 - INFO    :: MainThread : Headphones is up to date
22-Aug-2018 19:02:48 - INFO    :: MainThread : Starting Headphones web server on http://0.0.0.0:8181/
22-Aug-2018 19:02:48 - INFO    :: MainThread : Scheduled background task: Search for Wanted
22-Aug-2018 19:02:48 - INFO    :: MainThread : Scheduled background task: Download Scan
22-Aug-2018 19:02:48 - INFO    :: MainThread : Scheduled background task: Library Scan
22-Aug-2018 19:02:48 - INFO    :: MainThread : Scheduled background task: MusicBrainz Update
22-Aug-2018 19:02:48 - INFO    :: MainThread : Scheduled background task: Check GitHub for updates
22-Aug-2018 19:03:45 - INFO    :: MainThread : Signal 15 caught, saving and exiting...
22-Aug-2018 19:03:45 - INFO    :: MainThread : Writing configuration to file
22-Aug-2018 19:03:45 - INFO    :: MainThread : Headphones is shutting down...
22-Aug-2018 19:08:33 - INFO    :: MainThread : Checking to see if the database has all tables....
22-Aug-2018 19:08:34 - INFO    :: MainThread : Retrieving latest version information from GitHub
22-Aug-2018 19:08:34 - INFO    :: MainThread : Headphones is up to date
22-Aug-2018 19:08:34 - INFO    :: MainThread : Starting Headphones web server on http://0.0.0.0:8181/
22-Aug-2018 19:08:34 - INFO    :: MainThread : Scheduled background task: Search for Wanted
22-Aug-2018 19:08:34 - INFO    :: MainThread : Scheduled background task: Download Scan
22-Aug-2018 19:08:34 - INFO    :: MainThread : Scheduled background task: Library Scan
22-Aug-2018 19:08:34 - INFO    :: MainThread : Scheduled background task: MusicBrainz Update
22-Aug-2018 19:08:34 - INFO    :: MainThread : Scheduled background task: Check GitHub for updates
22-Aug-2018 19:10:56 - INFO    :: MainThread : Signal 15 caught, saving and exiting...
22-Aug-2018 19:10:56 - INFO    :: MainThread : Writing configuration to file
22-Aug-2018 19:10:56 - INFO    :: MainThread : Headphones is shutting down...
22-Aug-2018 19:15:53 - INFO    :: MainThread : Checking to see if the database has all tables....
22-Aug-2018 19:15:53 - INFO    :: MainThread : Retrieving latest version information from GitHub
22-Aug-2018 19:15:53 - INFO    :: MainThread : Headphones is up to date
22-Aug-2018 19:15:53 - INFO    :: MainThread : Starting Headphones web server on http://0.0.0.0:8181/
22-Aug-2018 19:15:53 - INFO    :: MainThread : Scheduled background task: Search for Wanted
22-Aug-2018 19:15:53 - INFO    :: MainThread : Scheduled background task: Download Scan
22-Aug-2018 19:15:53 - INFO    :: MainThread : Scheduled background task: Library Scan
22-Aug-2018 19:15:53 - INFO    :: MainThread : Scheduled background task: MusicBrainz Update
22-Aug-2018 19:15:53 - INFO    :: MainThread : Scheduled background task: Check GitHub for updates
22-Aug-2018 19:17:19 - INFO    :: MainThread : Signal 15 caught, saving and exiting...
22-Aug-2018 19:17:20 - INFO    :: MainThread : Writing configuration to file
22-Aug-2018 19:17:20 - INFO    :: MainThread : Headphones is shutting down...
22-Aug-2018 19:22:06 - INFO    :: MainThread : Checking to see if the database has all tables....
22-Aug-2018 19:22:06 - INFO    :: MainThread : Retrieving latest version information from GitHub
22-Aug-2018 19:22:07 - INFO    :: MainThread : Headphones is up to date
22-Aug-2018 19:22:07 - INFO    :: MainThread : Starting Headphones web server on http://0.0.0.0:8181/
22-Aug-2018 19:22:07 - INFO    :: MainThread : Scheduled background task: Search for Wanted
22-Aug-2018 19:22:07 - INFO    :: MainThread : Scheduled background task: Download Scan
22-Aug-2018 19:22:07 - INFO    :: MainThread : Scheduled background task: Library Scan
22-Aug-2018 19:22:07 - INFO    :: MainThread : Scheduled background task: MusicBrainz Update
22-Aug-2018 19:22:07 - INFO    :: MainThread : Scheduled background task: Check GitHub for updates
22-Aug-2018 21:44:19 - INFO    :: MainThread : Signal 15 caught, saving and exiting...
23-Aug-2018 20:06:51 - INFO    :: MainThread : Checking to see if the database has all tables....
23-Aug-2018 20:06:53 - INFO    :: MainThread : Retrieving latest version information from GitHub
23-Aug-2018 20:06:54 - INFO    :: MainThread : Headphones is up to date
23-Aug-2018 20:06:55 - INFO    :: MainThread : Starting Headphones web server on http://0.0.0.0:8181/
23-Aug-2018 20:07:00 - INFO    :: MainThread : Scheduled background task: Search for Wanted
23-Aug-2018 20:07:00 - INFO    :: MainThread : Scheduled background task: Download Scan
23-Aug-2018 20:07:00 - INFO    :: MainThread : Scheduled background task: Library Scan
23-Aug-2018 20:07:00 - INFO    :: MainThread : Scheduled background task: MusicBrainz Update
23-Aug-2018 20:07:00 - INFO    :: MainThread : Scheduled background task: Check GitHub for updates
23-Aug-2018 22:00:56 - INFO    :: MainThread : Signal 15 caught, saving and exiting...
23-Aug-2018 22:01:15 - INFO    :: MainThread : Writing configuration to file
23-Aug-2018 22:01:15 - INFO    :: MainThread : Headphones is shutting down...
27-Aug-2018 18:41:56 - INFO    :: MainThread : Checking to see if the database has all tables....
27-Aug-2018 18:41:59 - INFO    :: MainThread : Retrieving latest version information from GitHub
27-Aug-2018 18:42:00 - INFO    :: MainThread : Headphones is up to date
27-Aug-2018 18:42:00 - INFO    :: MainThread : Starting Headphones web server on http://0.0.0.0:8181/
27-Aug-2018 18:42:01 - INFO    :: MainThread : Scheduled background task: Search for Wanted
27-Aug-2018 18:42:01 - INFO    :: MainThread : Scheduled background task: Download Scan
27-Aug-2018 18:42:01 - INFO    :: MainThread : Scheduled background task: Library Scan
27-Aug-2018 18:42:01 - INFO    :: MainThread : Scheduled background task: MusicBrainz Update
27-Aug-2018 18:42:01 - INFO    :: MainThread : Scheduled background task: Check GitHub for updates
27-Aug-2018 19:34:53 - INFO    :: MainThread : Signal 15 caught, saving and exiting...
27-Aug-2018 19:34:53 - INFO    :: MainThread : Writing configuration to file
27-Aug-2018 19:34:53 - INFO    :: MainThread : Headphones is shutting down...
27-Aug-2018 19:41:55 - INFO    :: MainThread : Checking to see if the database has all tables....
27-Aug-2018 19:41:56 - INFO    :: MainThread : Retrieving latest version information from GitHub
27-Aug-2018 19:41:56 - INFO    :: MainThread : Headphones is up to date
27-Aug-2018 19:41:56 - INFO    :: MainThread : Starting Headphones web server on http://0.0.0.0:8181/
27-Aug-2018 19:41:56 - INFO    :: MainThread : Scheduled background task: Search for Wanted
27-Aug-2018 19:41:56 - INFO    :: MainThread : Scheduled background task: Download Scan
27-Aug-2018 19:41:56 - INFO    :: MainThread : Scheduled background task: Library Scan
27-Aug-2018 19:41:56 - INFO    :: MainThread : Scheduled background task: MusicBrainz Update
27-Aug-2018 19:41:56 - INFO    :: MainThread : Scheduled background task: Check GitHub for updates
27-Aug-2018 22:08:06 - INFO    :: MainThread : Signal 15 caught, saving and exiting...
27-Aug-2018 22:08:07 - INFO    :: MainThread : Writing configuration to file
27-Aug-2018 22:08:07 - INFO    :: MainThread : Headphones is shutting down...
29-Aug-2018 19:07:36 - INFO    :: MainThread : Checking to see if the database has all tables....
29-Aug-2018 19:07:38 - INFO    :: MainThread : Retrieving latest version information from GitHub
29-Aug-2018 19:07:39 - INFO    :: MainThread : Headphones is up to date
29-Aug-2018 19:07:39 - INFO    :: MainThread : Starting Headphones web server on http://0.0.0.0:8181/
29-Aug-2018 19:07:40 - INFO    :: MainThread : Scheduled background task: Search for Wanted
29-Aug-2018 19:07:40 - INFO    :: MainThread : Scheduled background task: Download Scan
29-Aug-2018 19:07:40 - INFO    :: MainThread : Scheduled background task: Library Scan
29-Aug-2018 19:07:40 - INFO    :: MainThread : Scheduled background task: MusicBrainz Update
29-Aug-2018 19:07:40 - INFO    :: MainThread : Scheduled background task: Check GitHub for updates
29-Aug-2018 19:09:52 - INFO    :: MainThread : Signal 15 caught, saving and exiting...
29-Aug-2018 19:09:52 - INFO    :: MainThread : Writing configuration to file
29-Aug-2018 19:09:52 - INFO    :: MainThread : Headphones is shutting down...
29-Aug-2018 19:10:44 - INFO    :: MainThread : Checking to see if the database has all tables....
29-Aug-2018 19:10:44 - INFO    :: MainThread : Retrieving latest version information from GitHub
29-Aug-2018 19:10:44 - INFO    :: MainThread : Headphones is up to date
29-Aug-2018 19:10:44 - INFO    :: MainThread : Starting Headphones web server on http://0.0.0.0:8181/
29-Aug-2018 19:10:44 - INFO    :: MainThread : Scheduled background task: Search for Wanted
29-Aug-2018 19:10:44 - INFO    :: MainThread : Scheduled background task: Download Scan
29-Aug-2018 19:10:44 - INFO    :: MainThread : Scheduled background task: Library Scan
29-Aug-2018 19:10:44 - INFO    :: MainThread : Scheduled background task: MusicBrainz Update
29-Aug-2018 19:10:44 - INFO    :: MainThread : Scheduled background task: Check GitHub for updates
29-Aug-2018 20:46:16 - INFO    :: MainThread : Signal 15 caught, saving and exiting...
29-Aug-2018 20:46:16 - INFO    :: MainThread : Writing configuration to file
29-Aug-2018 20:46:16 - INFO    :: MainThread : Headphones is shutting down...
29-Aug-2018 21:03:29 - INFO    :: MainThread : Checking to see if the database has all tables....
29-Aug-2018 21:03:29 - INFO    :: MainThread : Retrieving latest version information from GitHub
29-Aug-2018 21:03:30 - INFO    :: MainThread : Headphones is up to date
29-Aug-2018 21:03:30 - INFO    :: MainThread : Starting Headphones web server on http://0.0.0.0:8181/
29-Aug-2018 21:03:30 - INFO    :: MainThread : Scheduled background task: Search for Wanted
29-Aug-2018 21:03:30 - INFO    :: MainThread : Scheduled background task: Download Scan
29-Aug-2018 21:03:30 - INFO    :: MainThread : Scheduled background task: Library Scan
29-Aug-2018 21:03:30 - INFO    :: MainThread : Scheduled background task: MusicBrainz Update
29-Aug-2018 21:03:30 - INFO    :: MainThread : Scheduled background task: Check GitHub for updates
29-Aug-2018 21:08:15 - INFO    :: MainThread : Signal 15 caught, saving and exiting...
29-Aug-2018 21:08:15 - INFO    :: MainThread : Writing configuration to file
29-Aug-2018 21:08:16 - INFO    :: MainThread : Headphones is shutting down...
29-Aug-2018 21:17:48 - INFO    :: MainThread : Checking to see if the database has all tables....
29-Aug-2018 21:17:48 - INFO    :: MainThread : Retrieving latest version information from GitHub
29-Aug-2018 21:17:48 - INFO    :: MainThread : Headphones is up to date
29-Aug-2018 21:17:48 - INFO    :: MainThread : Starting Headphones web server on http://0.0.0.0:8181/
29-Aug-2018 21:17:49 - INFO    :: MainThread : Scheduled background task: Search for Wanted
29-Aug-2018 21:17:49 - INFO    :: MainThread : Scheduled background task: Download Scan
29-Aug-2018 21:17:49 - INFO    :: MainThread : Scheduled background task: Library Scan
29-Aug-2018 21:17:49 - INFO    :: MainThread : Scheduled background task: MusicBrainz Update
29-Aug-2018 21:17:49 - INFO    :: MainThread : Scheduled background task: Check GitHub for updates
29-Aug-2018 21:18:54 - INFO    :: MainThread : Signal 15 caught, saving and exiting...
29-Aug-2018 21:18:54 - INFO    :: MainThread : Writing configuration to file
29-Aug-2018 21:18:54 - INFO    :: MainThread : Headphones is shutting down...
29-Aug-2018 21:28:01 - INFO    :: MainThread : Checking to see if the database has all tables....
29-Aug-2018 21:28:01 - INFO    :: MainThread : Retrieving latest version information from GitHub
29-Aug-2018 21:28:02 - INFO    :: MainThread : Headphones is up to date
29-Aug-2018 21:28:02 - INFO    :: MainThread : Starting Headphones web server on http://0.0.0.0:8181/
29-Aug-2018 21:28:02 - INFO    :: MainThread : Scheduled background task: Search for Wanted
29-Aug-2018 21:28:02 - INFO    :: MainThread : Scheduled background task: Download Scan
29-Aug-2018 21:28:02 - INFO    :: MainThread : Scheduled background task: Library Scan
29-Aug-2018 21:28:02 - INFO    :: MainThread : Scheduled background task: MusicBrainz Update
29-Aug-2018 21:28:02 - INFO    :: MainThread : Scheduled background task: Check GitHub for updates
29-Aug-2018 21:32:24 - INFO    :: MainThread : Signal 15 caught, saving and exiting...
29-Aug-2018 21:32:26 - INFO    :: MainThread : Writing configuration to file
29-Aug-2018 21:32:26 - INFO    :: MainThread : Headphones is shutting down...
30-Aug-2018 18:46:37 - INFO    :: MainThread : Checking to see if the database has all tables....
30-Aug-2018 18:46:38 - INFO    :: MainThread : Retrieving latest version information from GitHub
30-Aug-2018 18:46:39 - INFO    :: MainThread : Headphones is up to date
30-Aug-2018 18:46:39 - INFO    :: MainThread : Starting Headphones web server on http://0.0.0.0:8181/
30-Aug-2018 18:46:40 - INFO    :: MainThread : Scheduled background task: Search for Wanted
30-Aug-2018 18:46:40 - INFO    :: MainThread : Scheduled background task: Download Scan
30-Aug-2018 18:46:40 - INFO    :: MainThread : Scheduled background task: Library Scan
30-Aug-2018 18:46:40 - INFO    :: MainThread : Scheduled background task: MusicBrainz Update
30-Aug-2018 18:46:40 - INFO    :: MainThread : Scheduled background task: Check GitHub for updates
30-Aug-2018 18:51:41 - INFO    :: MainThread : Signal 15 caught, saving and exiting...
30-Aug-2018 18:51:42 - INFO    :: MainThread : Writing configuration to file
30-Aug-2018 18:51:43 - INFO    :: MainThread : Headphones is shutting down...
30-Aug-2018 18:57:45 - INFO    :: MainThread : Checking to see if the database has all tables....
30-Aug-2018 18:57:45 - INFO    :: MainThread : Retrieving latest version information from GitHub
30-Aug-2018 18:57:45 - INFO    :: MainThread : Headphones is up to date
30-Aug-2018 18:57:45 - INFO    :: MainThread : Starting Headphones web server on http://0.0.0.0:8181/
30-Aug-2018 18:57:46 - INFO    :: MainThread : Scheduled background task: Search for Wanted
30-Aug-2018 18:57:46 - INFO    :: MainThread : Scheduled background task: Download Scan
30-Aug-2018 18:57:46 - INFO    :: MainThread : Scheduled background task: Library Scan
30-Aug-2018 18:57:46 - INFO    :: MainThread : Scheduled background task: MusicBrainz Update
30-Aug-2018 18:57:46 - INFO    :: MainThread : Scheduled background task: Check GitHub for updates
